[2022-10-18 06:30:58] local.ERROR: View [Admin.login] not found. {"exception":"[object] (InvalidArgumentException(code: 0): View [Admin.login] not found. at /home/webixun/Downloads/htdocs/Question_Bank_Admin_Panel/vendor/laravel/framework/src/Illuminate/View/FileViewFinder.php:137)
[stacktrace]
#0 /home/webixun/Downloads/htdocs/Question_Bank_Admin_Panel/vendor/laravel/framework/src/Illuminate/View/FileViewFinder.php(79): Illuminate\\View\\FileViewFinder->findInPaths()
#1 /home/webixun/Downloads/htdocs/Question_Bank_Admin_Panel/vendor/laravel/framework/src/Illuminate/View/Factory.php(138): Illuminate\\View\\FileViewFinder->find()
#2 /home/webixun/Downloads/htdocs/Question_Bank_Admin_Panel/vendor/laravel/framework/src/Illuminate/Foundation/helpers.php(932): Illuminate\\View\\Factory->make()
#3 /home/webixun/Downloads/htdocs/Question_Bank_Admin_Panel/app/Http/Controllers/AdminController.php(18): view()
#4 /home/webixun/Downloads/htdocs/Question_Bank_Admin_Panel/vendor/laravel/framework/src/Illuminate/Routing/Controller.php(54): App\\Http\\Controllers\\AdminController->index()
#5 /home/webixun/Downloads/htdocs/Question_Bank_Admin_Panel/vendor/laravel/framework/src/Illuminate/Routing/ControllerDispatcher.php(45): Illuminate\\Routing\\Controller->callAction()
#6 /home/webixun/Downloads/htdocs/Question_Bank_Admin_Panel/vendor/laravel/framework/src/Illuminate/Routing/Route.php(262): Illuminate\\Routing\\ControllerDispatcher->dispatch()
#7 /home/webixun/Downloads/htdocs/Question_Bank_Admin_Panel/vendor/laravel/framework/src/Illuminate/Routing/Route.php(205): Illuminate\\Routing\\Route->runController()
#8 /home/webixun/Downloads/htdocs/Question_Bank_Admin_Panel/vendor/laravel/framework/src/Illuminate/Routing/Router.php(721): Illuminate\\Routing\\Route->run()
#9 /home/webixun/Downloads/htdocs/Question_Bank_Admin_Panel/vendor/laravel/framework/src/Illuminate/Pipeline/Pipeline.php(128): Illuminate\\Routing\\Router->Illuminate\\Routing\\{closure}()
#10 /home/webixun/Downloads/htdocs/Question_Bank_Admin_Panel/vendor/laravel/framework/src/Illuminate/Routing/Middleware/SubstituteBindings.php(50): Illuminate\\Pipeline\\Pipeline->Illuminate\\Pipeline\\{closure}()
#11 /home/webixun/Downloads/htdocs/Question_Bank_Admin_Panel/vendor/laravel/framework/src/Illuminate/Pipeline/Pipeline.php(167): Illuminate\\Routing\\Middleware\\SubstituteBindings->handle()
#12 /home/webixun/Downloads/htdocs/Question_Bank_Admin_Panel/vendor/laravel/framework/src/Illuminate/Foundation/Http/Middleware/VerifyCsrfToken.php(78): Illuminate\\Pipeline\\Pipeline->Illuminate\\Pipeline\\{closure}()
#13 /home/webixun/Downloads/htdocs/Question_Bank_Admin_Panel/vendor/laravel/framework/src/Illuminate/Pipeline/Pipeline.php(167): Illuminate\\Foundation\\Http\\Middleware\\VerifyCsrfToken->handle()
#14 /home/webixun/Downloads/htdocs/Question_Bank_Admin_Panel/vendor/laravel/framework/src/Illuminate/View/Middleware/ShareErrorsFromSession.php(49): Illuminate\\Pipeline\\Pipeline->Illuminate\\Pipeline\\{closure}()
#15 /home/webixun/Downloads/htdocs/Question_Bank_Admin_Panel/vendor/laravel/framework/src/Illuminate/Pipeline/Pipeline.php(167): Illuminate\\View\\Middleware\\ShareErrorsFromSession->handle()
#16 /home/webixun/Downloads/htdocs/Question_Bank_Admin_Panel/vendor/laravel/framework/src/Illuminate/Session/Middleware/StartSession.php(121): Illuminate\\Pipeline\\Pipeline->Illuminate\\Pipeline\\{closure}()
#17 /home/webixun/Downloads/htdocs/Question_Bank_Admin_Panel/vendor/laravel/framework/src/Illuminate/Session/Middleware/StartSession.php(64): Illuminate\\Session\\Middleware\\StartSession->handleStatefulRequest()
#18 /home/webixun/Downloads/htdocs/Question_Bank_Admin_Panel/vendor/laravel/framework/src/Illuminate/Pipeline/Pipeline.php(167): Illuminate\\Session\\Middleware\\StartSession->handle()
#19 /home/webixun/Downloads/htdocs/Question_Bank_Admin_Panel/vendor/laravel/framework/src/Illuminate/Cookie/Middleware/AddQueuedCookiesToResponse.php(37): Illuminate\\Pipeline\\Pipeline->Illuminate\\Pipeline\\{closure}()
#20 /home/webixun/Downloads/htdocs/Question_Bank_Admin_Panel/vendor/laravel/framework/src/Illuminate/Pipeline/Pipeline.php(167): Illuminate\\Cookie\\Middleware\\AddQueuedCookiesToResponse->handle()
#21 /home/webixun/Downloads/htdocs/Question_Bank_Admin_Panel/vendor/laravel/framework/src/Illuminate/Cookie/Middleware/EncryptCookies.php(67): Illuminate\\Pipeline\\Pipeline->Illuminate\\Pipeline\\{closure}()
#22 /home/webixun/Downloads/htdocs/Question_Bank_Admin_Panel/vendor/laravel/framework/src/Illuminate/Pipeline/Pipeline.php(167): Illuminate\\Cookie\\Middleware\\EncryptCookies->handle()
#23 /home/webixun/Downloads/htdocs/Question_Bank_Admin_Panel/vendor/laravel/framework/src/Illuminate/Pipeline/Pipeline.php(103): Illuminate\\Pipeline\\Pipeline->Illuminate\\Pipeline\\{closure}()
#24 /home/webixun/Downloads/htdocs/Question_Bank_Admin_Panel/vendor/laravel/framework/src/Illuminate/Routing/Router.php(723): Illuminate\\Pipeline\\Pipeline->then()
#25 /home/webixun/Downloads/htdocs/Question_Bank_Admin_Panel/vendor/laravel/framework/src/Illuminate/Routing/Router.php(698): Illuminate\\Routing\\Router->runRouteWithinStack()
#26 /home/webixun/Downloads/htdocs/Question_Bank_Admin_Panel/vendor/laravel/framework/src/Illuminate/Routing/Router.php(662): Illuminate\\Routing\\Router->runRoute()
#27 /home/webixun/Downloads/htdocs/Question_Bank_Admin_Panel/vendor/laravel/framework/src/Illuminate/Routing/Router.php(651): Illuminate\\Routing\\Router->dispatchToRoute()
#28 /home/webixun/Downloads/htdocs/Question_Bank_Admin_Panel/vendor/laravel/framework/src/Illuminate/Foundation/Http/Kernel.php(167): Illuminate\\Routing\\Router->dispatch()
#29 /home/webixun/Downloads/htdocs/Question_Bank_Admin_Panel/vendor/laravel/framework/src/Illuminate/Pipeline/Pipeline.php(128): Illuminate\\Foundation\\Http\\Kernel->Illuminate\\Foundation\\Http\\{closure}()
#30 /home/webixun/Downloads/htdocs/Question_Bank_Admin_Panel/vendor/laravel/framework/src/Illuminate/Foundation/Http/Middleware/TransformsRequest.php(21): Illuminate\\Pipeline\\Pipeline->Illuminate\\Pipeline\\{closure}()
#31 /home/webixun/Downloads/htdocs/Question_Bank_Admin_Panel/vendor/laravel/framework/src/Illuminate/Foundation/Http/Middleware/ConvertEmptyStringsToNull.php(31): Illuminate\\Foundation\\Http\\Middleware\\TransformsRequest->handle()
#32 /home/webixun/Downloads/htdocs/Question_Bank_Admin_Panel/vendor/laravel/framework/src/Illuminate/Pipeline/Pipeline.php(167): Illuminate\\Foundation\\Http\\Middleware\\ConvertEmptyStringsToNull->handle()
#33 /home/webixun/Downloads/htdocs/Question_Bank_Admin_Panel/vendor/laravel/framework/src/Illuminate/Foundation/Http/Middleware/TransformsRequest.php(21): Illuminate\\Pipeline\\Pipeline->Illuminate\\Pipeline\\{closure}()
#34 /home/webixun/Downloads/htdocs/Question_Bank_Admin_Panel/vendor/laravel/framework/src/Illuminate/Foundation/Http/Middleware/TrimStrings.php(40): Illuminate\\Foundation\\Http\\Middleware\\TransformsRequest->handle()
#35 /home/webixun/Downloads/htdocs/Question_Bank_Admin_Panel/vendor/laravel/framework/src/Illuminate/Pipeline/Pipeline.php(167): Illuminate\\Foundation\\Http\\Middleware\\TrimStrings->handle()
#36 /home/webixun/Downloads/htdocs/Question_Bank_Admin_Panel/vendor/laravel/framework/src/Illuminate/Foundation/Http/Middleware/ValidatePostSize.php(27): Illuminate\\Pipeline\\Pipeline->Illuminate\\Pipeline\\{closure}()
#37 /home/webixun/Downloads/htdocs/Question_Bank_Admin_Panel/vendor/laravel/framework/src/Illuminate/Pipeline/Pipeline.php(167): Illuminate\\Foundation\\Http\\Middleware\\ValidatePostSize->handle()
#38 /home/webixun/Downloads/htdocs/Question_Bank_Admin_Panel/vendor/laravel/framework/src/Illuminate/Foundation/Http/Middleware/PreventRequestsDuringMaintenance.php(86): Illuminate\\Pipeline\\Pipeline->Illuminate\\Pipeline\\{closure}()
#39 /home/webixun/Downloads/htdocs/Question_Bank_Admin_Panel/vendor/laravel/framework/src/Illuminate/Pipeline/Pipeline.php(167): Illuminate\\Foundation\\Http\\Middleware\\PreventRequestsDuringMaintenance->handle()
#40 /home/webixun/Downloads/htdocs/Question_Bank_Admin_Panel/vendor/fruitcake/laravel-cors/src/HandleCors.php(38): Illuminate\\Pipeline\\Pipeline->Illuminate\\Pipeline\\{closure}()
#41 /home/webixun/Downloads/htdocs/Question_Bank_Admin_Panel/vendor/laravel/framework/src/Illuminate/Pipeline/Pipeline.php(167): Fruitcake\\Cors\\HandleCors->handle()
#42 /home/webixun/Downloads/htdocs/Question_Bank_Admin_Panel/vendor/laravel/framework/src/Illuminate/Http/Middleware/TrustProxies.php(39): Illuminate\\Pipeline\\Pipeline->Illuminate\\Pipeline\\{closure}()
#43 /home/webixun/Downloads/htdocs/Question_Bank_Admin_Panel/vendor/laravel/framework/src/Illuminate/Pipeline/Pipeline.php(167): Illuminate\\Http\\Middleware\\TrustProxies->handle()
#44 /home/webixun/Downloads/htdocs/Question_Bank_Admin_Panel/vendor/laravel/framework/src/Illuminate/Pipeline/Pipeline.php(103): Illuminate\\Pipeline\\Pipeline->Illuminate\\Pipeline\\{closure}()
#45 /home/webixun/Downloads/htdocs/Question_Bank_Admin_Panel/vendor/laravel/framework/src/Illuminate/Foundation/Http/Kernel.php(142): Illuminate\\Pipeline\\Pipeline->then()
#46 /home/webixun/Downloads/htdocs/Question_Bank_Admin_Panel/vendor/laravel/framework/src/Illuminate/Foundation/Http/Kernel.php(111): Illuminate\\Foundation\\Http\\Kernel->sendRequestThroughRouter()
#47 /home/webixun/Downloads/htdocs/Question_Bank_Admin_Panel/public/index.php(52): Illuminate\\Foundation\\Http\\Kernel->handle()
#48 /home/webixun/Downloads/htdocs/Question_Bank_Admin_Panel/server.php(21): require_once('...')
#49 {main}
"} 
[2022-10-18 06:30:58] local.ERROR: file_put_contents(C:\xampp\htdocs\Question_Bank_Admin_Panel\storage\framework/sessions/doVrh0O3Y6XeCgbeKgFg6HX2knwnHDEqnvalre38): Failed to open stream: No such file or directory {"exception":"[object] (ErrorException(code: 0): file_put_contents(C:\\xampp\\htdocs\\Question_Bank_Admin_Panel\\storage\\framework/sessions/doVrh0O3Y6XeCgbeKgFg6HX2knwnHDEqnvalre38): Failed to open stream: No such file or directory at /home/webixun/Downloads/htdocs/Question_Bank_Admin_Panel/vendor/laravel/framework/src/Illuminate/Filesystem/Filesystem.php:187)
[stacktrace]
#0 [internal function]: Illuminate\\Foundation\\Bootstrap\\HandleExceptions->handleError()
#1 /home/webixun/Downloads/htdocs/Question_Bank_Admin_Panel/vendor/laravel/framework/src/Illuminate/Filesystem/Filesystem.php(187): file_put_contents()
#2 /home/webixun/Downloads/htdocs/Question_Bank_Admin_Panel/vendor/laravel/framework/src/Illuminate/Session/FileSessionHandler.php(95): Illuminate\\Filesystem\\Filesystem->put()
#3 /home/webixun/Downloads/htdocs/Question_Bank_Admin_Panel/vendor/laravel/framework/src/Illuminate/Session/Store.php(129): Illuminate\\Session\\FileSessionHandler->write()
#4 /home/webixun/Downloads/htdocs/Question_Bank_Admin_Panel/vendor/laravel/framework/src/Illuminate/Session/Middleware/StartSession.php(236): Illuminate\\Session\\Store->save()
#5 /home/webixun/Downloads/htdocs/Question_Bank_Admin_Panel/vendor/laravel/framework/src/Illuminate/Session/Middleware/StartSession.php(130): Illuminate\\Session\\Middleware\\StartSession->saveSession()
#6 /home/webixun/Downloads/htdocs/Question_Bank_Admin_Panel/vendor/laravel/framework/src/Illuminate/Session/Middleware/StartSession.php(64): Illuminate\\Session\\Middleware\\StartSession->handleStatefulRequest()
#7 /home/webixun/Downloads/htdocs/Question_Bank_Admin_Panel/vendor/laravel/framework/src/Illuminate/Pipeline/Pipeline.php(167): Illuminate\\Session\\Middleware\\StartSession->handle()
#8 /home/webixun/Downloads/htdocs/Question_Bank_Admin_Panel/vendor/laravel/framework/src/Illuminate/Cookie/Middleware/AddQueuedCookiesToResponse.php(37): Illuminate\\Pipeline\\Pipeline->Illuminate\\Pipeline\\{closure}()
#9 /home/webixun/Downloads/htdocs/Question_Bank_Admin_Panel/vendor/laravel/framework/src/Illuminate/Pipeline/Pipeline.php(167): Illuminate\\Cookie\\Middleware\\AddQueuedCookiesToResponse->handle()
#10 /home/webixun/Downloads/htdocs/Question_Bank_Admin_Panel/vendor/laravel/framework/src/Illuminate/Cookie/Middleware/EncryptCookies.php(67): Illuminate\\Pipeline\\Pipeline->Illuminate\\Pipeline\\{closure}()
#11 /home/webixun/Downloads/htdocs/Question_Bank_Admin_Panel/vendor/laravel/framework/src/Illuminate/Pipeline/Pipeline.php(167): Illuminate\\Cookie\\Middleware\\EncryptCookies->handle()
#12 /home/webixun/Downloads/htdocs/Question_Bank_Admin_Panel/vendor/laravel/framework/src/Illuminate/Pipeline/Pipeline.php(103): Illuminate\\Pipeline\\Pipeline->Illuminate\\Pipeline\\{closure}()
#13 /home/webixun/Downloads/htdocs/Question_Bank_Admin_Panel/vendor/laravel/framework/src/Illuminate/Routing/Router.php(723): Illuminate\\Pipeline\\Pipeline->then()
#14 /home/webixun/Downloads/htdocs/Question_Bank_Admin_Panel/vendor/laravel/framework/src/Illuminate/Routing/Router.php(698): Illuminate\\Routing\\Router->runRouteWithinStack()
#15 /home/webixun/Downloads/htdocs/Question_Bank_Admin_Panel/vendor/laravel/framework/src/Illuminate/Routing/Router.php(662): Illuminate\\Routing\\Router->runRoute()
#16 /home/webixun/Downloads/htdocs/Question_Bank_Admin_Panel/vendor/laravel/framework/src/Illuminate/Routing/Router.php(651): Illuminate\\Routing\\Router->dispatchToRoute()
#17 /home/webixun/Downloads/htdocs/Question_Bank_Admin_Panel/vendor/laravel/framework/src/Illuminate/Foundation/Http/Kernel.php(167): Illuminate\\Routing\\Router->dispatch()
#18 /home/webixun/Downloads/htdocs/Question_Bank_Admin_Panel/vendor/laravel/framework/src/Illuminate/Pipeline/Pipeline.php(128): Illuminate\\Foundation\\Http\\Kernel->Illuminate\\Foundation\\Http\\{closure}()
#19 /home/webixun/Downloads/htdocs/Question_Bank_Admin_Panel/vendor/laravel/framework/src/Illuminate/Foundation/Http/Middleware/TransformsRequest.php(21): Illuminate\\Pipeline\\Pipeline->Illuminate\\Pipeline\\{closure}()
#20 /home/webixun/Downloads/htdocs/Question_Bank_Admin_Panel/vendor/laravel/framework/src/Illuminate/Foundation/Http/Middleware/ConvertEmptyStringsToNull.php(31): Illuminate\\Foundation\\Http\\Middleware\\TransformsRequest->handle()
#21 /home/webixun/Downloads/htdocs/Question_Bank_Admin_Panel/vendor/laravel/framework/src/Illuminate/Pipeline/Pipeline.php(167): Illuminate\\Foundation\\Http\\Middleware\\ConvertEmptyStringsToNull->handle()
#22 /home/webixun/Downloads/htdocs/Question_Bank_Admin_Panel/vendor/laravel/framework/src/Illuminate/Foundation/Http/Middleware/TransformsRequest.php(21): Illuminate\\Pipeline\\Pipeline->Illuminate\\Pipeline\\{closure}()
#23 /home/webixun/Downloads/htdocs/Question_Bank_Admin_Panel/vendor/laravel/framework/src/Illuminate/Foundation/Http/Middleware/TrimStrings.php(40): Illuminate\\Foundation\\Http\\Middleware\\TransformsRequest->handle()
#24 /home/webixun/Downloads/htdocs/Question_Bank_Admin_Panel/vendor/laravel/framework/src/Illuminate/Pipeline/Pipeline.php(167): Illuminate\\Foundation\\Http\\Middleware\\TrimStrings->handle()
#25 /home/webixun/Downloads/htdocs/Question_Bank_Admin_Panel/vendor/laravel/framework/src/Illuminate/Foundation/Http/Middleware/ValidatePostSize.php(27): Illuminate\\Pipeline\\Pipeline->Illuminate\\Pipeline\\{closure}()
#26 /home/webixun/Downloads/htdocs/Question_Bank_Admin_Panel/vendor/laravel/framework/src/Illuminate/Pipeline/Pipeline.php(167): Illuminate\\Foundation\\Http\\Middleware\\ValidatePostSize->handle()
#27 /home/webixun/Downloads/htdocs/Question_Bank_Admin_Panel/vendor/laravel/framework/src/Illuminate/Foundation/Http/Middleware/PreventRequestsDuringMaintenance.php(86): Illuminate\\Pipeline\\Pipeline->Illuminate\\Pipeline\\{closure}()
#28 /home/webixun/Downloads/htdocs/Question_Bank_Admin_Panel/vendor/laravel/framework/src/Illuminate/Pipeline/Pipeline.php(167): Illuminate\\Foundation\\Http\\Middleware\\PreventRequestsDuringMaintenance->handle()
#29 /home/webixun/Downloads/htdocs/Question_Bank_Admin_Panel/vendor/fruitcake/laravel-cors/src/HandleCors.php(38): Illuminate\\Pipeline\\Pipeline->Illuminate\\Pipeline\\{closure}()
#30 /home/webixun/Downloads/htdocs/Question_Bank_Admin_Panel/vendor/laravel/framework/src/Illuminate/Pipeline/Pipeline.php(167): Fruitcake\\Cors\\HandleCors->handle()
#31 /home/webixun/Downloads/htdocs/Question_Bank_Admin_Panel/vendor/laravel/framework/src/Illuminate/Http/Middleware/TrustProxies.php(39): Illuminate\\Pipeline\\Pipeline->Illuminate\\Pipeline\\{closure}()
#32 /home/webixun/Downloads/htdocs/Question_Bank_Admin_Panel/vendor/laravel/framework/src/Illuminate/Pipeline/Pipeline.php(167): Illuminate\\Http\\Middleware\\TrustProxies->handle()
#33 /home/webixun/Downloads/htdocs/Question_Bank_Admin_Panel/vendor/laravel/framework/src/Illuminate/Pipeline/Pipeline.php(103): Illuminate\\Pipeline\\Pipeline->Illuminate\\Pipeline\\{closure}()
#34 /home/webixun/Downloads/htdocs/Question_Bank_Admin_Panel/vendor/laravel/framework/src/Illuminate/Foundation/Http/Kernel.php(142): Illuminate\\Pipeline\\Pipeline->then()
#35 /home/webixun/Downloads/htdocs/Question_Bank_Admin_Panel/vendor/laravel/framework/src/Illuminate/Foundation/Http/Kernel.php(111): Illuminate\\Foundation\\Http\\Kernel->sendRequestThroughRouter()
#36 /home/webixun/Downloads/htdocs/Question_Bank_Admin_Panel/public/index.php(52): Illuminate\\Foundation\\Http\\Kernel->handle()
#37 /home/webixun/Downloads/htdocs/Question_Bank_Admin_Panel/server.php(21): require_once('...')
#38 {main}
"} 
[2022-10-18 06:30:58] local.ERROR: could not find driver (SQL: select count(*) as aggregate from `telescope_entries` where `type` = exception and `family_hash` = 84f875e6f1c05398b61ee755904882a6) {"exception":"[object] (Illuminate\\Database\\QueryException(code: 0): could not find driver (SQL: select count(*) as aggregate from `telescope_entries` where `type` = exception and `family_hash` = 84f875e6f1c05398b61ee755904882a6) at /home/webixun/Downloads/htdocs/Question_Bank_Admin_Panel/vendor/laravel/framework/src/Illuminate/Database/Connection.php:712)
[stacktrace]
#0 /home/webixun/Downloads/htdocs/Question_Bank_Admin_Panel/vendor/laravel/framework/src/Illuminate/Database/Connection.php(672): Illuminate\\Database\\Connection->runQueryCallback()
#1 /home/webixun/Downloads/htdocs/Question_Bank_Admin_Panel/vendor/laravel/framework/src/Illuminate/Database/Connection.php(376): Illuminate\\Database\\Connection->run()
#2 /home/webixun/Downloads/htdocs/Question_Bank_Admin_Panel/vendor/laravel/framework/src/Illuminate/Database/Query/Builder.php(2414): Illuminate\\Database\\Connection->select()
#3 /home/webixun/Downloads/htdocs/Question_Bank_Admin_Panel/vendor/laravel/framework/src/Illuminate/Database/Query/Builder.php(2402): Illuminate\\Database\\Query\\Builder->runSelect()
#4 /home/webixun/Downloads/htdocs/Question_Bank_Admin_Panel/vendor/laravel/framework/src/Illuminate/Database/Query/Builder.php(2936): Illuminate\\Database\\Query\\Builder->Illuminate\\Database\\Query\\{closure}()
#5 /home/webixun/Downloads/htdocs/Question_Bank_Admin_Panel/vendor/laravel/framework/src/Illuminate/Database/Query/Builder.php(2403): Illuminate\\Database\\Query\\Builder->onceWithColumns()
#6 /home/webixun/Downloads/htdocs/Question_Bank_Admin_Panel/vendor/laravel/framework/src/Illuminate/Database/Query/Builder.php(2863): Illuminate\\Database\\Query\\Builder->get()
#7 /home/webixun/Downloads/htdocs/Question_Bank_Admin_Panel/vendor/laravel/framework/src/Illuminate/Database/Query/Builder.php(2791): Illuminate\\Database\\Query\\Builder->aggregate()
#8 /home/webixun/Downloads/htdocs/Question_Bank_Admin_Panel/vendor/laravel/telescope/src/Storage/DatabaseEntriesRepository.php(122): Illuminate\\Database\\Query\\Builder->count()
#9 /home/webixun/Downloads/htdocs/Question_Bank_Admin_Panel/vendor/laravel/telescope/src/Storage/DatabaseEntriesRepository.php(164): Laravel\\Telescope\\Storage\\DatabaseEntriesRepository->countExceptionOccurences()
#10 [internal function]: Laravel\\Telescope\\Storage\\DatabaseEntriesRepository->Laravel\\Telescope\\Storage\\{closure}()
#11 /home/webixun/Downloads/htdocs/Question_Bank_Admin_Panel/vendor/laravel/framework/src/Illuminate/Collections/Collection.php(695): array_map()
#12 /home/webixun/Downloads/htdocs/Question_Bank_Admin_Panel/vendor/laravel/telescope/src/Storage/DatabaseEntriesRepository.php(177): Illuminate\\Support\\Collection->map()
#13 /home/webixun/Downloads/htdocs/Question_Bank_Admin_Panel/vendor/laravel/framework/src/Illuminate/Collections/Traits/EnumeratesValues.php(245): Laravel\\Telescope\\Storage\\DatabaseEntriesRepository->Laravel\\Telescope\\Storage\\{closure}()
#14 /home/webixun/Downloads/htdocs/Question_Bank_Admin_Panel/vendor/laravel/telescope/src/Storage/DatabaseEntriesRepository.php(178): Illuminate\\Support\\Collection->each()
#15 /home/webixun/Downloads/htdocs/Question_Bank_Admin_Panel/vendor/laravel/telescope/src/Storage/DatabaseEntriesRepository.php(139): Laravel\\Telescope\\Storage\\DatabaseEntriesRepository->storeExceptions()
#16 /home/webixun/Downloads/htdocs/Question_Bank_Admin_Panel/vendor/laravel/telescope/src/Telescope.php(663): Laravel\\Telescope\\Storage\\DatabaseEntriesRepository->store()
#17 [internal function]: Laravel\\Telescope\\Telescope::Laravel\\Telescope\\{closure}()
#18 /home/webixun/Downloads/htdocs/Question_Bank_Admin_Panel/vendor/laravel/telescope/src/Telescope.php(284): call_user_func()
#19 /home/webixun/Downloads/htdocs/Question_Bank_Admin_Panel/vendor/laravel/telescope/src/Telescope.php(674): Laravel\\Telescope\\Telescope::withoutRecording()
#20 /home/webixun/Downloads/htdocs/Question_Bank_Admin_Panel/vendor/laravel/telescope/src/ListensForStorageOpportunities.php(65): Laravel\\Telescope\\Telescope::store()
#21 /home/webixun/Downloads/htdocs/Question_Bank_Admin_Panel/vendor/laravel/framework/src/Illuminate/Container/BoundMethod.php(36): Laravel\\Telescope\\Telescope::Laravel\\Telescope\\{closure}()
#22 /home/webixun/Downloads/htdocs/Question_Bank_Admin_Panel/vendor/laravel/framework/src/Illuminate/Container/Util.php(40): Illuminate\\Container\\BoundMethod::Illuminate\\Container\\{closure}()
#23 /home/webixun/Downloads/htdocs/Question_Bank_Admin_Panel/vendor/laravel/framework/src/Illuminate/Container/BoundMethod.php(81): Illuminate\\Container\\Util::unwrapIfClosure()
#24 /home/webixun/Downloads/htdocs/Question_Bank_Admin_Panel/vendor/laravel/framework/src/Illuminate/Container/BoundMethod.php(37): Illuminate\\Container\\BoundMethod::callBoundMethod()
#25 /home/webixun/Downloads/htdocs/Question_Bank_Admin_Panel/vendor/laravel/framework/src/Illuminate/Container/Container.php(653): Illuminate\\Container\\BoundMethod::call()
#26 /home/webixun/Downloads/htdocs/Question_Bank_Admin_Panel/vendor/laravel/framework/src/Illuminate/Foundation/Application.php(1158): Illuminate\\Container\\Container->call()
#27 /home/webixun/Downloads/htdocs/Question_Bank_Admin_Panel/vendor/laravel/framework/src/Illuminate/Foundation/Http/Kernel.php(182): Illuminate\\Foundation\\Application->terminate()
#28 /home/webixun/Downloads/htdocs/Question_Bank_Admin_Panel/public/index.php(55): Illuminate\\Foundation\\Http\\Kernel->terminate()
#29 /home/webixun/Downloads/htdocs/Question_Bank_Admin_Panel/server.php(21): require_once('...')
#30 {main}

[previous exception] [object] (PDOException(code: 0): could not find driver at /home/webixun/Downloads/htdocs/Question_Bank_Admin_Panel/vendor/laravel/framework/src/Illuminate/Database/Connectors/Connector.php:70)
[stacktrace]
#0 /home/webixun/Downloads/htdocs/Question_Bank_Admin_Panel/vendor/laravel/framework/src/Illuminate/Database/Connectors/Connector.php(70): PDO->__construct()
#1 /home/webixun/Downloads/htdocs/Question_Bank_Admin_Panel/vendor/laravel/framework/src/Illuminate/Database/Connectors/Connector.php(46): Illuminate\\Database\\Connectors\\Connector->createPdoConnection()
#2 /home/webixun/Downloads/htdocs/Question_Bank_Admin_Panel/vendor/laravel/framework/src/Illuminate/Database/Connectors/MySqlConnector.php(24): Illuminate\\Database\\Connectors\\Connector->createConnection()
#3 /home/webixun/Downloads/htdocs/Question_Bank_Admin_Panel/vendor/laravel/framework/src/Illuminate/Database/Connectors/ConnectionFactory.php(184): Illuminate\\Database\\Connectors\\MySqlConnector->connect()
#4 [internal function]: Illuminate\\Database\\Connectors\\ConnectionFactory->Illuminate\\Database\\Connectors\\{closure}()
#5 /home/webixun/Downloads/htdocs/Question_Bank_Admin_Panel/vendor/laravel/framework/src/Illuminate/Database/Connection.php(1064): call_user_func()
#6 /home/webixun/Downloads/htdocs/Question_Bank_Admin_Panel/vendor/laravel/framework/src/Illuminate/Database/Connection.php(1100): Illuminate\\Database\\Connection->getPdo()
#7 /home/webixun/Downloads/htdocs/Question_Bank_Admin_Panel/vendor/laravel/framework/src/Illuminate/Database/Connection.php(442): Illuminate\\Database\\Connection->getReadPdo()
#8 /home/webixun/Downloads/htdocs/Question_Bank_Admin_Panel/vendor/laravel/framework/src/Illuminate/Database/Connection.php(368): Illuminate\\Database\\Connection->getPdoForSelect()
#9 /home/webixun/Downloads/htdocs/Question_Bank_Admin_Panel/vendor/laravel/framework/src/Illuminate/Database/Connection.php(705): Illuminate\\Database\\Connection->Illuminate\\Database\\{closure}()
#10 /home/webixun/Downloads/htdocs/Question_Bank_Admin_Panel/vendor/laravel/framework/src/Illuminate/Database/Connection.php(672): Illuminate\\Database\\Connection->runQueryCallback()
#11 /home/webixun/Downloads/htdocs/Question_Bank_Admin_Panel/vendor/laravel/framework/src/Illuminate/Database/Connection.php(376): Illuminate\\Database\\Connection->run()
#12 /home/webixun/Downloads/htdocs/Question_Bank_Admin_Panel/vendor/laravel/framework/src/Illuminate/Database/Query/Builder.php(2414): Illuminate\\Database\\Connection->select()
#13 /home/webixun/Downloads/htdocs/Question_Bank_Admin_Panel/vendor/laravel/framework/src/Illuminate/Database/Query/Builder.php(2402): Illuminate\\Database\\Query\\Builder->runSelect()
#14 /home/webixun/Downloads/htdocs/Question_Bank_Admin_Panel/vendor/laravel/framework/src/Illuminate/Database/Query/Builder.php(2936): Illuminate\\Database\\Query\\Builder->Illuminate\\Database\\Query\\{closure}()
#15 /home/webixun/Downloads/htdocs/Question_Bank_Admin_Panel/vendor/laravel/framework/src/Illuminate/Database/Query/Builder.php(2403): Illuminate\\Database\\Query\\Builder->onceWithColumns()
#16 /home/webixun/Downloads/htdocs/Question_Bank_Admin_Panel/vendor/laravel/framework/src/Illuminate/Database/Query/Builder.php(2863): Illuminate\\Database\\Query\\Builder->get()
#17 /home/webixun/Downloads/htdocs/Question_Bank_Admin_Panel/vendor/laravel/framework/src/Illuminate/Database/Query/Builder.php(2791): Illuminate\\Database\\Query\\Builder->aggregate()
#18 /home/webixun/Downloads/htdocs/Question_Bank_Admin_Panel/vendor/laravel/telescope/src/Storage/DatabaseEntriesRepository.php(122): Illuminate\\Database\\Query\\Builder->count()
#19 /home/webixun/Downloads/htdocs/Question_Bank_Admin_Panel/vendor/laravel/telescope/src/Storage/DatabaseEntriesRepository.php(164): Laravel\\Telescope\\Storage\\DatabaseEntriesRepository->countExceptionOccurences()
#20 [internal function]: Laravel\\Telescope\\Storage\\DatabaseEntriesRepository->Laravel\\Telescope\\Storage\\{closure}()
#21 /home/webixun/Downloads/htdocs/Question_Bank_Admin_Panel/vendor/laravel/framework/src/Illuminate/Collections/Collection.php(695): array_map()
#22 /home/webixun/Downloads/htdocs/Question_Bank_Admin_Panel/vendor/laravel/telescope/src/Storage/DatabaseEntriesRepository.php(177): Illuminate\\Support\\Collection->map()
#23 /home/webixun/Downloads/htdocs/Question_Bank_Admin_Panel/vendor/laravel/framework/src/Illuminate/Collections/Traits/EnumeratesValues.php(245): Laravel\\Telescope\\Storage\\DatabaseEntriesRepository->Laravel\\Telescope\\Storage\\{closure}()
#24 /home/webixun/Downloads/htdocs/Question_Bank_Admin_Panel/vendor/laravel/telescope/src/Storage/DatabaseEntriesRepository.php(178): Illuminate\\Support\\Collection->each()
#25 /home/webixun/Downloads/htdocs/Question_Bank_Admin_Panel/vendor/laravel/telescope/src/Storage/DatabaseEntriesRepository.php(139): Laravel\\Telescope\\Storage\\DatabaseEntriesRepository->storeExceptions()
#26 /home/webixun/Downloads/htdocs/Question_Bank_Admin_Panel/vendor/laravel/telescope/src/Telescope.php(663): Laravel\\Telescope\\Storage\\DatabaseEntriesRepository->store()
#27 [internal function]: Laravel\\Telescope\\Telescope::Laravel\\Telescope\\{closure}()
#28 /home/webixun/Downloads/htdocs/Question_Bank_Admin_Panel/vendor/laravel/telescope/src/Telescope.php(284): call_user_func()
#29 /home/webixun/Downloads/htdocs/Question_Bank_Admin_Panel/vendor/laravel/telescope/src/Telescope.php(674): Laravel\\Telescope\\Telescope::withoutRecording()
#30 /home/webixun/Downloads/htdocs/Question_Bank_Admin_Panel/vendor/laravel/telescope/src/ListensForStorageOpportunities.php(65): Laravel\\Telescope\\Telescope::store()
#31 /home/webixun/Downloads/htdocs/Question_Bank_Admin_Panel/vendor/laravel/framework/src/Illuminate/Container/BoundMethod.php(36): Laravel\\Telescope\\Telescope::Laravel\\Telescope\\{closure}()
#32 /home/webixun/Downloads/htdocs/Question_Bank_Admin_Panel/vendor/laravel/framework/src/Illuminate/Container/Util.php(40): Illuminate\\Container\\BoundMethod::Illuminate\\Container\\{closure}()
#33 /home/webixun/Downloads/htdocs/Question_Bank_Admin_Panel/vendor/laravel/framework/src/Illuminate/Container/BoundMethod.php(81): Illuminate\\Container\\Util::unwrapIfClosure()
#34 /home/webixun/Downloads/htdocs/Question_Bank_Admin_Panel/vendor/laravel/framework/src/Illuminate/Container/BoundMethod.php(37): Illuminate\\Container\\BoundMethod::callBoundMethod()
#35 /home/webixun/Downloads/htdocs/Question_Bank_Admin_Panel/vendor/laravel/framework/src/Illuminate/Container/Container.php(653): Illuminate\\Container\\BoundMethod::call()
#36 /home/webixun/Downloads/htdocs/Question_Bank_Admin_Panel/vendor/laravel/framework/src/Illuminate/Foundation/Application.php(1158): Illuminate\\Container\\Container->call()
#37 /home/webixun/Downloads/htdocs/Question_Bank_Admin_Panel/vendor/laravel/framework/src/Illuminate/Foundation/Http/Kernel.php(182): Illuminate\\Foundation\\Application->terminate()
#38 /home/webixun/Downloads/htdocs/Question_Bank_Admin_Panel/public/index.php(55): Illuminate\\Foundation\\Http\\Kernel->terminate()
#39 /home/webixun/Downloads/htdocs/Question_Bank_Admin_Panel/server.php(21): require_once('...')
#40 {main}
"} 
[2022-10-18 06:31:55] local.ERROR: View [Admin.login] not found. {"exception":"[object] (InvalidArgumentException(code: 0): View [Admin.login] not found. at /home/webixun/Downloads/htdocs/Question_Bank_Admin_Panel/vendor/laravel/framework/src/Illuminate/View/FileViewFinder.php:137)
[stacktrace]
#0 /home/webixun/Downloads/htdocs/Question_Bank_Admin_Panel/vendor/laravel/framework/src/Illuminate/View/FileViewFinder.php(79): Illuminate\\View\\FileViewFinder->findInPaths()
#1 /home/webixun/Downloads/htdocs/Question_Bank_Admin_Panel/vendor/laravel/framework/src/Illuminate/View/Factory.php(138): Illuminate\\View\\FileViewFinder->find()
#2 /home/webixun/Downloads/htdocs/Question_Bank_Admin_Panel/vendor/laravel/framework/src/Illuminate/Foundation/helpers.php(932): Illuminate\\View\\Factory->make()
#3 /home/webixun/Downloads/htdocs/Question_Bank_Admin_Panel/app/Http/Controllers/AdminController.php(18): view()
#4 /home/webixun/Downloads/htdocs/Question_Bank_Admin_Panel/vendor/laravel/framework/src/Illuminate/Routing/Controller.php(54): App\\Http\\Controllers\\AdminController->index()
#5 /home/webixun/Downloads/htdocs/Question_Bank_Admin_Panel/vendor/laravel/framework/src/Illuminate/Routing/ControllerDispatcher.php(45): Illuminate\\Routing\\Controller->callAction()
#6 /home/webixun/Downloads/htdocs/Question_Bank_Admin_Panel/vendor/laravel/framework/src/Illuminate/Routing/Route.php(262): Illuminate\\Routing\\ControllerDispatcher->dispatch()
#7 /home/webixun/Downloads/htdocs/Question_Bank_Admin_Panel/vendor/laravel/framework/src/Illuminate/Routing/Route.php(205): Illuminate\\Routing\\Route->runController()
#8 /home/webixun/Downloads/htdocs/Question_Bank_Admin_Panel/vendor/laravel/framework/src/Illuminate/Routing/Router.php(721): Illuminate\\Routing\\Route->run()
#9 /home/webixun/Downloads/htdocs/Question_Bank_Admin_Panel/vendor/laravel/framework/src/Illuminate/Pipeline/Pipeline.php(128): Illuminate\\Routing\\Router->Illuminate\\Routing\\{closure}()
#10 /home/webixun/Downloads/htdocs/Question_Bank_Admin_Panel/vendor/laravel/framework/src/Illuminate/Routing/Middleware/SubstituteBindings.php(50): Illuminate\\Pipeline\\Pipeline->Illuminate\\Pipeline\\{closure}()
#11 /home/webixun/Downloads/htdocs/Question_Bank_Admin_Panel/vendor/laravel/framework/src/Illuminate/Pipeline/Pipeline.php(167): Illuminate\\Routing\\Middleware\\SubstituteBindings->handle()
#12 /home/webixun/Downloads/htdocs/Question_Bank_Admin_Panel/vendor/laravel/framework/src/Illuminate/Foundation/Http/Middleware/VerifyCsrfToken.php(78): Illuminate\\Pipeline\\Pipeline->Illuminate\\Pipeline\\{closure}()
#13 /home/webixun/Downloads/htdocs/Question_Bank_Admin_Panel/vendor/laravel/framework/src/Illuminate/Pipeline/Pipeline.php(167): Illuminate\\Foundation\\Http\\Middleware\\VerifyCsrfToken->handle()
#14 /home/webixun/Downloads/htdocs/Question_Bank_Admin_Panel/vendor/laravel/framework/src/Illuminate/View/Middleware/ShareErrorsFromSession.php(49): Illuminate\\Pipeline\\Pipeline->Illuminate\\Pipeline\\{closure}()
#15 /home/webixun/Downloads/htdocs/Question_Bank_Admin_Panel/vendor/laravel/framework/src/Illuminate/Pipeline/Pipeline.php(167): Illuminate\\View\\Middleware\\ShareErrorsFromSession->handle()
#16 /home/webixun/Downloads/htdocs/Question_Bank_Admin_Panel/vendor/laravel/framework/src/Illuminate/Session/Middleware/StartSession.php(121): Illuminate\\Pipeline\\Pipeline->Illuminate\\Pipeline\\{closure}()
#17 /home/webixun/Downloads/htdocs/Question_Bank_Admin_Panel/vendor/laravel/framework/src/Illuminate/Session/Middleware/StartSession.php(64): Illuminate\\Session\\Middleware\\StartSession->handleStatefulRequest()
#18 /home/webixun/Downloads/htdocs/Question_Bank_Admin_Panel/vendor/laravel/framework/src/Illuminate/Pipeline/Pipeline.php(167): Illuminate\\Session\\Middleware\\StartSession->handle()
#19 /home/webixun/Downloads/htdocs/Question_Bank_Admin_Panel/vendor/laravel/framework/src/Illuminate/Cookie/Middleware/AddQueuedCookiesToResponse.php(37): Illuminate\\Pipeline\\Pipeline->Illuminate\\Pipeline\\{closure}()
#20 /home/webixun/Downloads/htdocs/Question_Bank_Admin_Panel/vendor/laravel/framework/src/Illuminate/Pipeline/Pipeline.php(167): Illuminate\\Cookie\\Middleware\\AddQueuedCookiesToResponse->handle()
#21 /home/webixun/Downloads/htdocs/Question_Bank_Admin_Panel/vendor/laravel/framework/src/Illuminate/Cookie/Middleware/EncryptCookies.php(67): Illuminate\\Pipeline\\Pipeline->Illuminate\\Pipeline\\{closure}()
#22 /home/webixun/Downloads/htdocs/Question_Bank_Admin_Panel/vendor/laravel/framework/src/Illuminate/Pipeline/Pipeline.php(167): Illuminate\\Cookie\\Middleware\\EncryptCookies->handle()
#23 /home/webixun/Downloads/htdocs/Question_Bank_Admin_Panel/vendor/laravel/framework/src/Illuminate/Pipeline/Pipeline.php(103): Illuminate\\Pipeline\\Pipeline->Illuminate\\Pipeline\\{closure}()
#24 /home/webixun/Downloads/htdocs/Question_Bank_Admin_Panel/vendor/laravel/framework/src/Illuminate/Routing/Router.php(723): Illuminate\\Pipeline\\Pipeline->then()
#25 /home/webixun/Downloads/htdocs/Question_Bank_Admin_Panel/vendor/laravel/framework/src/Illuminate/Routing/Router.php(698): Illuminate\\Routing\\Router->runRouteWithinStack()
#26 /home/webixun/Downloads/htdocs/Question_Bank_Admin_Panel/vendor/laravel/framework/src/Illuminate/Routing/Router.php(662): Illuminate\\Routing\\Router->runRoute()
#27 /home/webixun/Downloads/htdocs/Question_Bank_Admin_Panel/vendor/laravel/framework/src/Illuminate/Routing/Router.php(651): Illuminate\\Routing\\Router->dispatchToRoute()
#28 /home/webixun/Downloads/htdocs/Question_Bank_Admin_Panel/vendor/laravel/framework/src/Illuminate/Foundation/Http/Kernel.php(167): Illuminate\\Routing\\Router->dispatch()
#29 /home/webixun/Downloads/htdocs/Question_Bank_Admin_Panel/vendor/laravel/framework/src/Illuminate/Pipeline/Pipeline.php(128): Illuminate\\Foundation\\Http\\Kernel->Illuminate\\Foundation\\Http\\{closure}()
#30 /home/webixun/Downloads/htdocs/Question_Bank_Admin_Panel/vendor/laravel/framework/src/Illuminate/Foundation/Http/Middleware/TransformsRequest.php(21): Illuminate\\Pipeline\\Pipeline->Illuminate\\Pipeline\\{closure}()
#31 /home/webixun/Downloads/htdocs/Question_Bank_Admin_Panel/vendor/laravel/framework/src/Illuminate/Foundation/Http/Middleware/ConvertEmptyStringsToNull.php(31): Illuminate\\Foundation\\Http\\Middleware\\TransformsRequest->handle()
#32 /home/webixun/Downloads/htdocs/Question_Bank_Admin_Panel/vendor/laravel/framework/src/Illuminate/Pipeline/Pipeline.php(167): Illuminate\\Foundation\\Http\\Middleware\\ConvertEmptyStringsToNull->handle()
#33 /home/webixun/Downloads/htdocs/Question_Bank_Admin_Panel/vendor/laravel/framework/src/Illuminate/Foundation/Http/Middleware/TransformsRequest.php(21): Illuminate\\Pipeline\\Pipeline->Illuminate\\Pipeline\\{closure}()
#34 /home/webixun/Downloads/htdocs/Question_Bank_Admin_Panel/vendor/laravel/framework/src/Illuminate/Foundation/Http/Middleware/TrimStrings.php(40): Illuminate\\Foundation\\Http\\Middleware\\TransformsRequest->handle()
#35 /home/webixun/Downloads/htdocs/Question_Bank_Admin_Panel/vendor/laravel/framework/src/Illuminate/Pipeline/Pipeline.php(167): Illuminate\\Foundation\\Http\\Middleware\\TrimStrings->handle()
#36 /home/webixun/Downloads/htdocs/Question_Bank_Admin_Panel/vendor/laravel/framework/src/Illuminate/Foundation/Http/Middleware/ValidatePostSize.php(27): Illuminate\\Pipeline\\Pipeline->Illuminate\\Pipeline\\{closure}()
#37 /home/webixun/Downloads/htdocs/Question_Bank_Admin_Panel/vendor/laravel/framework/src/Illuminate/Pipeline/Pipeline.php(167): Illuminate\\Foundation\\Http\\Middleware\\ValidatePostSize->handle()
#38 /home/webixun/Downloads/htdocs/Question_Bank_Admin_Panel/vendor/laravel/framework/src/Illuminate/Foundation/Http/Middleware/PreventRequestsDuringMaintenance.php(86): Illuminate\\Pipeline\\Pipeline->Illuminate\\Pipeline\\{closure}()
#39 /home/webixun/Downloads/htdocs/Question_Bank_Admin_Panel/vendor/laravel/framework/src/Illuminate/Pipeline/Pipeline.php(167): Illuminate\\Foundation\\Http\\Middleware\\PreventRequestsDuringMaintenance->handle()
#40 /home/webixun/Downloads/htdocs/Question_Bank_Admin_Panel/vendor/fruitcake/laravel-cors/src/HandleCors.php(38): Illuminate\\Pipeline\\Pipeline->Illuminate\\Pipeline\\{closure}()
#41 /home/webixun/Downloads/htdocs/Question_Bank_Admin_Panel/vendor/laravel/framework/src/Illuminate/Pipeline/Pipeline.php(167): Fruitcake\\Cors\\HandleCors->handle()
#42 /home/webixun/Downloads/htdocs/Question_Bank_Admin_Panel/vendor/laravel/framework/src/Illuminate/Http/Middleware/TrustProxies.php(39): Illuminate\\Pipeline\\Pipeline->Illuminate\\Pipeline\\{closure}()
#43 /home/webixun/Downloads/htdocs/Question_Bank_Admin_Panel/vendor/laravel/framework/src/Illuminate/Pipeline/Pipeline.php(167): Illuminate\\Http\\Middleware\\TrustProxies->handle()
#44 /home/webixun/Downloads/htdocs/Question_Bank_Admin_Panel/vendor/laravel/framework/src/Illuminate/Pipeline/Pipeline.php(103): Illuminate\\Pipeline\\Pipeline->Illuminate\\Pipeline\\{closure}()
#45 /home/webixun/Downloads/htdocs/Question_Bank_Admin_Panel/vendor/laravel/framework/src/Illuminate/Foundation/Http/Kernel.php(142): Illuminate\\Pipeline\\Pipeline->then()
#46 /home/webixun/Downloads/htdocs/Question_Bank_Admin_Panel/vendor/laravel/framework/src/Illuminate/Foundation/Http/Kernel.php(111): Illuminate\\Foundation\\Http\\Kernel->sendRequestThroughRouter()
#47 /home/webixun/Downloads/htdocs/Question_Bank_Admin_Panel/public/index.php(52): Illuminate\\Foundation\\Http\\Kernel->handle()
#48 /home/webixun/Downloads/htdocs/Question_Bank_Admin_Panel/server.php(21): require_once('...')
#49 {main}
"} 
[2022-10-18 06:31:55] local.ERROR: file_put_contents(C:\xampp\htdocs\Question_Bank_Admin_Panel\storage\framework/sessions/afBfI4BqshcxtOYsZivcJbmWlNtcrU5KZEd5v37J): Failed to open stream: No such file or directory {"exception":"[object] (ErrorException(code: 0): file_put_contents(C:\\xampp\\htdocs\\Question_Bank_Admin_Panel\\storage\\framework/sessions/afBfI4BqshcxtOYsZivcJbmWlNtcrU5KZEd5v37J): Failed to open stream: No such file or directory at /home/webixun/Downloads/htdocs/Question_Bank_Admin_Panel/vendor/laravel/framework/src/Illuminate/Filesystem/Filesystem.php:187)
[stacktrace]
#0 [internal function]: Illuminate\\Foundation\\Bootstrap\\HandleExceptions->handleError()
#1 /home/webixun/Downloads/htdocs/Question_Bank_Admin_Panel/vendor/laravel/framework/src/Illuminate/Filesystem/Filesystem.php(187): file_put_contents()
#2 /home/webixun/Downloads/htdocs/Question_Bank_Admin_Panel/vendor/laravel/framework/src/Illuminate/Session/FileSessionHandler.php(95): Illuminate\\Filesystem\\Filesystem->put()
#3 /home/webixun/Downloads/htdocs/Question_Bank_Admin_Panel/vendor/laravel/framework/src/Illuminate/Session/Store.php(129): Illuminate\\Session\\FileSessionHandler->write()
#4 /home/webixun/Downloads/htdocs/Question_Bank_Admin_Panel/vendor/laravel/framework/src/Illuminate/Session/Middleware/StartSession.php(236): Illuminate\\Session\\Store->save()
#5 /home/webixun/Downloads/htdocs/Question_Bank_Admin_Panel/vendor/laravel/framework/src/Illuminate/Session/Middleware/StartSession.php(130): Illuminate\\Session\\Middleware\\StartSession->saveSession()
#6 /home/webixun/Downloads/htdocs/Question_Bank_Admin_Panel/vendor/laravel/framework/src/Illuminate/Session/Middleware/StartSession.php(64): Illuminate\\Session\\Middleware\\StartSession->handleStatefulRequest()
#7 /home/webixun/Downloads/htdocs/Question_Bank_Admin_Panel/vendor/laravel/framework/src/Illuminate/Pipeline/Pipeline.php(167): Illuminate\\Session\\Middleware\\StartSession->handle()
#8 /home/webixun/Downloads/htdocs/Question_Bank_Admin_Panel/vendor/laravel/framework/src/Illuminate/Cookie/Middleware/AddQueuedCookiesToResponse.php(37): Illuminate\\Pipeline\\Pipeline->Illuminate\\Pipeline\\{closure}()
#9 /home/webixun/Downloads/htdocs/Question_Bank_Admin_Panel/vendor/laravel/framework/src/Illuminate/Pipeline/Pipeline.php(167): Illuminate\\Cookie\\Middleware\\AddQueuedCookiesToResponse->handle()
#10 /home/webixun/Downloads/htdocs/Question_Bank_Admin_Panel/vendor/laravel/framework/src/Illuminate/Cookie/Middleware/EncryptCookies.php(67): Illuminate\\Pipeline\\Pipeline->Illuminate\\Pipeline\\{closure}()
#11 /home/webixun/Downloads/htdocs/Question_Bank_Admin_Panel/vendor/laravel/framework/src/Illuminate/Pipeline/Pipeline.php(167): Illuminate\\Cookie\\Middleware\\EncryptCookies->handle()
#12 /home/webixun/Downloads/htdocs/Question_Bank_Admin_Panel/vendor/laravel/framework/src/Illuminate/Pipeline/Pipeline.php(103): Illuminate\\Pipeline\\Pipeline->Illuminate\\Pipeline\\{closure}()
#13 /home/webixun/Downloads/htdocs/Question_Bank_Admin_Panel/vendor/laravel/framework/src/Illuminate/Routing/Router.php(723): Illuminate\\Pipeline\\Pipeline->then()
#14 /home/webixun/Downloads/htdocs/Question_Bank_Admin_Panel/vendor/laravel/framework/src/Illuminate/Routing/Router.php(698): Illuminate\\Routing\\Router->runRouteWithinStack()
#15 /home/webixun/Downloads/htdocs/Question_Bank_Admin_Panel/vendor/laravel/framework/src/Illuminate/Routing/Router.php(662): Illuminate\\Routing\\Router->runRoute()
#16 /home/webixun/Downloads/htdocs/Question_Bank_Admin_Panel/vendor/laravel/framework/src/Illuminate/Routing/Router.php(651): Illuminate\\Routing\\Router->dispatchToRoute()
#17 /home/webixun/Downloads/htdocs/Question_Bank_Admin_Panel/vendor/laravel/framework/src/Illuminate/Foundation/Http/Kernel.php(167): Illuminate\\Routing\\Router->dispatch()
#18 /home/webixun/Downloads/htdocs/Question_Bank_Admin_Panel/vendor/laravel/framework/src/Illuminate/Pipeline/Pipeline.php(128): Illuminate\\Foundation\\Http\\Kernel->Illuminate\\Foundation\\Http\\{closure}()
#19 /home/webixun/Downloads/htdocs/Question_Bank_Admin_Panel/vendor/laravel/framework/src/Illuminate/Foundation/Http/Middleware/TransformsRequest.php(21): Illuminate\\Pipeline\\Pipeline->Illuminate\\Pipeline\\{closure}()
#20 /home/webixun/Downloads/htdocs/Question_Bank_Admin_Panel/vendor/laravel/framework/src/Illuminate/Foundation/Http/Middleware/ConvertEmptyStringsToNull.php(31): Illuminate\\Foundation\\Http\\Middleware\\TransformsRequest->handle()
#21 /home/webixun/Downloads/htdocs/Question_Bank_Admin_Panel/vendor/laravel/framework/src/Illuminate/Pipeline/Pipeline.php(167): Illuminate\\Foundation\\Http\\Middleware\\ConvertEmptyStringsToNull->handle()
#22 /home/webixun/Downloads/htdocs/Question_Bank_Admin_Panel/vendor/laravel/framework/src/Illuminate/Foundation/Http/Middleware/TransformsRequest.php(21): Illuminate\\Pipeline\\Pipeline->Illuminate\\Pipeline\\{closure}()
#23 /home/webixun/Downloads/htdocs/Question_Bank_Admin_Panel/vendor/laravel/framework/src/Illuminate/Foundation/Http/Middleware/TrimStrings.php(40): Illuminate\\Foundation\\Http\\Middleware\\TransformsRequest->handle()
#24 /home/webixun/Downloads/htdocs/Question_Bank_Admin_Panel/vendor/laravel/framework/src/Illuminate/Pipeline/Pipeline.php(167): Illuminate\\Foundation\\Http\\Middleware\\TrimStrings->handle()
#25 /home/webixun/Downloads/htdocs/Question_Bank_Admin_Panel/vendor/laravel/framework/src/Illuminate/Foundation/Http/Middleware/ValidatePostSize.php(27): Illuminate\\Pipeline\\Pipeline->Illuminate\\Pipeline\\{closure}()
#26 /home/webixun/Downloads/htdocs/Question_Bank_Admin_Panel/vendor/laravel/framework/src/Illuminate/Pipeline/Pipeline.php(167): Illuminate\\Foundation\\Http\\Middleware\\ValidatePostSize->handle()
#27 /home/webixun/Downloads/htdocs/Question_Bank_Admin_Panel/vendor/laravel/framework/src/Illuminate/Foundation/Http/Middleware/PreventRequestsDuringMaintenance.php(86): Illuminate\\Pipeline\\Pipeline->Illuminate\\Pipeline\\{closure}()
#28 /home/webixun/Downloads/htdocs/Question_Bank_Admin_Panel/vendor/laravel/framework/src/Illuminate/Pipeline/Pipeline.php(167): Illuminate\\Foundation\\Http\\Middleware\\PreventRequestsDuringMaintenance->handle()
#29 /home/webixun/Downloads/htdocs/Question_Bank_Admin_Panel/vendor/fruitcake/laravel-cors/src/HandleCors.php(38): Illuminate\\Pipeline\\Pipeline->Illuminate\\Pipeline\\{closure}()
#30 /home/webixun/Downloads/htdocs/Question_Bank_Admin_Panel/vendor/laravel/framework/src/Illuminate/Pipeline/Pipeline.php(167): Fruitcake\\Cors\\HandleCors->handle()
#31 /home/webixun/Downloads/htdocs/Question_Bank_Admin_Panel/vendor/laravel/framework/src/Illuminate/Http/Middleware/TrustProxies.php(39): Illuminate\\Pipeline\\Pipeline->Illuminate\\Pipeline\\{closure}()
#32 /home/webixun/Downloads/htdocs/Question_Bank_Admin_Panel/vendor/laravel/framework/src/Illuminate/Pipeline/Pipeline.php(167): Illuminate\\Http\\Middleware\\TrustProxies->handle()
#33 /home/webixun/Downloads/htdocs/Question_Bank_Admin_Panel/vendor/laravel/framework/src/Illuminate/Pipeline/Pipeline.php(103): Illuminate\\Pipeline\\Pipeline->Illuminate\\Pipeline\\{closure}()
#34 /home/webixun/Downloads/htdocs/Question_Bank_Admin_Panel/vendor/laravel/framework/src/Illuminate/Foundation/Http/Kernel.php(142): Illuminate\\Pipeline\\Pipeline->then()
#35 /home/webixun/Downloads/htdocs/Question_Bank_Admin_Panel/vendor/laravel/framework/src/Illuminate/Foundation/Http/Kernel.php(111): Illuminate\\Foundation\\Http\\Kernel->sendRequestThroughRouter()
#36 /home/webixun/Downloads/htdocs/Question_Bank_Admin_Panel/public/index.php(52): Illuminate\\Foundation\\Http\\Kernel->handle()
#37 /home/webixun/Downloads/htdocs/Question_Bank_Admin_Panel/server.php(21): require_once('...')
#38 {main}
"} 
[2022-10-18 06:31:55] local.ERROR: could not find driver (SQL: select count(*) as aggregate from `telescope_entries` where `type` = exception and `family_hash` = 84f875e6f1c05398b61ee755904882a6) {"exception":"[object] (Illuminate\\Database\\QueryException(code: 0): could not find driver (SQL: select count(*) as aggregate from `telescope_entries` where `type` = exception and `family_hash` = 84f875e6f1c05398b61ee755904882a6) at /home/webixun/Downloads/htdocs/Question_Bank_Admin_Panel/vendor/laravel/framework/src/Illuminate/Database/Connection.php:712)
[stacktrace]
#0 /home/webixun/Downloads/htdocs/Question_Bank_Admin_Panel/vendor/laravel/framework/src/Illuminate/Database/Connection.php(672): Illuminate\\Database\\Connection->runQueryCallback()
#1 /home/webixun/Downloads/htdocs/Question_Bank_Admin_Panel/vendor/laravel/framework/src/Illuminate/Database/Connection.php(376): Illuminate\\Database\\Connection->run()
#2 /home/webixun/Downloads/htdocs/Question_Bank_Admin_Panel/vendor/laravel/framework/src/Illuminate/Database/Query/Builder.php(2414): Illuminate\\Database\\Connection->select()
#3 /home/webixun/Downloads/htdocs/Question_Bank_Admin_Panel/vendor/laravel/framework/src/Illuminate/Database/Query/Builder.php(2402): Illuminate\\Database\\Query\\Builder->runSelect()
#4 /home/webixun/Downloads/htdocs/Question_Bank_Admin_Panel/vendor/laravel/framework/src/Illuminate/Database/Query/Builder.php(2936): Illuminate\\Database\\Query\\Builder->Illuminate\\Database\\Query\\{closure}()
#5 /home/webixun/Downloads/htdocs/Question_Bank_Admin_Panel/vendor/laravel/framework/src/Illuminate/Database/Query/Builder.php(2403): Illuminate\\Database\\Query\\Builder->onceWithColumns()
#6 /home/webixun/Downloads/htdocs/Question_Bank_Admin_Panel/vendor/laravel/framework/src/Illuminate/Database/Query/Builder.php(2863): Illuminate\\Database\\Query\\Builder->get()
#7 /home/webixun/Downloads/htdocs/Question_Bank_Admin_Panel/vendor/laravel/framework/src/Illuminate/Database/Query/Builder.php(2791): Illuminate\\Database\\Query\\Builder->aggregate()
#8 /home/webixun/Downloads/htdocs/Question_Bank_Admin_Panel/vendor/laravel/telescope/src/Storage/DatabaseEntriesRepository.php(122): Illuminate\\Database\\Query\\Builder->count()
#9 /home/webixun/Downloads/htdocs/Question_Bank_Admin_Panel/vendor/laravel/telescope/src/Storage/DatabaseEntriesRepository.php(164): Laravel\\Telescope\\Storage\\DatabaseEntriesRepository->countExceptionOccurences()
#10 [internal function]: Laravel\\Telescope\\Storage\\DatabaseEntriesRepository->Laravel\\Telescope\\Storage\\{closure}()
#11 /home/webixun/Downloads/htdocs/Question_Bank_Admin_Panel/vendor/laravel/framework/src/Illuminate/Collections/Collection.php(695): array_map()
#12 /home/webixun/Downloads/htdocs/Question_Bank_Admin_Panel/vendor/laravel/telescope/src/Storage/DatabaseEntriesRepository.php(177): Illuminate\\Support\\Collection->map()
#13 /home/webixun/Downloads/htdocs/Question_Bank_Admin_Panel/vendor/laravel/framework/src/Illuminate/Collections/Traits/EnumeratesValues.php(245): Laravel\\Telescope\\Storage\\DatabaseEntriesRepository->Laravel\\Telescope\\Storage\\{closure}()
#14 /home/webixun/Downloads/htdocs/Question_Bank_Admin_Panel/vendor/laravel/telescope/src/Storage/DatabaseEntriesRepository.php(178): Illuminate\\Support\\Collection->each()
#15 /home/webixun/Downloads/htdocs/Question_Bank_Admin_Panel/vendor/laravel/telescope/src/Storage/DatabaseEntriesRepository.php(139): Laravel\\Telescope\\Storage\\DatabaseEntriesRepository->storeExceptions()
#16 /home/webixun/Downloads/htdocs/Question_Bank_Admin_Panel/vendor/laravel/telescope/src/Telescope.php(663): Laravel\\Telescope\\Storage\\DatabaseEntriesRepository->store()
#17 [internal function]: Laravel\\Telescope\\Telescope::Laravel\\Telescope\\{closure}()
#18 /home/webixun/Downloads/htdocs/Question_Bank_Admin_Panel/vendor/laravel/telescope/src/Telescope.php(284): call_user_func()
#19 /home/webixun/Downloads/htdocs/Question_Bank_Admin_Panel/vendor/laravel/telescope/src/Telescope.php(674): Laravel\\Telescope\\Telescope::withoutRecording()
#20 /home/webixun/Downloads/htdocs/Question_Bank_Admin_Panel/vendor/laravel/telescope/src/ListensForStorageOpportunities.php(65): Laravel\\Telescope\\Telescope::store()
#21 /home/webixun/Downloads/htdocs/Question_Bank_Admin_Panel/vendor/laravel/framework/src/Illuminate/Container/BoundMethod.php(36): Laravel\\Telescope\\Telescope::Laravel\\Telescope\\{closure}()
#22 /home/webixun/Downloads/htdocs/Question_Bank_Admin_Panel/vendor/laravel/framework/src/Illuminate/Container/Util.php(40): Illuminate\\Container\\BoundMethod::Illuminate\\Container\\{closure}()
#23 /home/webixun/Downloads/htdocs/Question_Bank_Admin_Panel/vendor/laravel/framework/src/Illuminate/Container/BoundMethod.php(81): Illuminate\\Container\\Util::unwrapIfClosure()
#24 /home/webixun/Downloads/htdocs/Question_Bank_Admin_Panel/vendor/laravel/framework/src/Illuminate/Container/BoundMethod.php(37): Illuminate\\Container\\BoundMethod::callBoundMethod()
#25 /home/webixun/Downloads/htdocs/Question_Bank_Admin_Panel/vendor/laravel/framework/src/Illuminate/Container/Container.php(653): Illuminate\\Container\\BoundMethod::call()
#26 /home/webixun/Downloads/htdocs/Question_Bank_Admin_Panel/vendor/laravel/framework/src/Illuminate/Foundation/Application.php(1158): Illuminate\\Container\\Container->call()
#27 /home/webixun/Downloads/htdocs/Question_Bank_Admin_Panel/vendor/laravel/framework/src/Illuminate/Foundation/Http/Kernel.php(182): Illuminate\\Foundation\\Application->terminate()
#28 /home/webixun/Downloads/htdocs/Question_Bank_Admin_Panel/public/index.php(55): Illuminate\\Foundation\\Http\\Kernel->terminate()
#29 /home/webixun/Downloads/htdocs/Question_Bank_Admin_Panel/server.php(21): require_once('...')
#30 {main}

[previous exception] [object] (PDOException(code: 0): could not find driver at /home/webixun/Downloads/htdocs/Question_Bank_Admin_Panel/vendor/laravel/framework/src/Illuminate/Database/Connectors/Connector.php:70)
[stacktrace]
#0 /home/webixun/Downloads/htdocs/Question_Bank_Admin_Panel/vendor/laravel/framework/src/Illuminate/Database/Connectors/Connector.php(70): PDO->__construct()
#1 /home/webixun/Downloads/htdocs/Question_Bank_Admin_Panel/vendor/laravel/framework/src/Illuminate/Database/Connectors/Connector.php(46): Illuminate\\Database\\Connectors\\Connector->createPdoConnection()
#2 /home/webixun/Downloads/htdocs/Question_Bank_Admin_Panel/vendor/laravel/framework/src/Illuminate/Database/Connectors/MySqlConnector.php(24): Illuminate\\Database\\Connectors\\Connector->createConnection()
#3 /home/webixun/Downloads/htdocs/Question_Bank_Admin_Panel/vendor/laravel/framework/src/Illuminate/Database/Connectors/ConnectionFactory.php(184): Illuminate\\Database\\Connectors\\MySqlConnector->connect()
#4 [internal function]: Illuminate\\Database\\Connectors\\ConnectionFactory->Illuminate\\Database\\Connectors\\{closure}()
#5 /home/webixun/Downloads/htdocs/Question_Bank_Admin_Panel/vendor/laravel/framework/src/Illuminate/Database/Connection.php(1064): call_user_func()
#6 /home/webixun/Downloads/htdocs/Question_Bank_Admin_Panel/vendor/laravel/framework/src/Illuminate/Database/Connection.php(1100): Illuminate\\Database\\Connection->getPdo()
#7 /home/webixun/Downloads/htdocs/Question_Bank_Admin_Panel/vendor/laravel/framework/src/Illuminate/Database/Connection.php(442): Illuminate\\Database\\Connection->getReadPdo()
#8 /home/webixun/Downloads/htdocs/Question_Bank_Admin_Panel/vendor/laravel/framework/src/Illuminate/Database/Connection.php(368): Illuminate\\Database\\Connection->getPdoForSelect()
#9 /home/webixun/Downloads/htdocs/Question_Bank_Admin_Panel/vendor/laravel/framework/src/Illuminate/Database/Connection.php(705): Illuminate\\Database\\Connection->Illuminate\\Database\\{closure}()
#10 /home/webixun/Downloads/htdocs/Question_Bank_Admin_Panel/vendor/laravel/framework/src/Illuminate/Database/Connection.php(672): Illuminate\\Database\\Connection->runQueryCallback()
#11 /home/webixun/Downloads/htdocs/Question_Bank_Admin_Panel/vendor/laravel/framework/src/Illuminate/Database/Connection.php(376): Illuminate\\Database\\Connection->run()
#12 /home/webixun/Downloads/htdocs/Question_Bank_Admin_Panel/vendor/laravel/framework/src/Illuminate/Database/Query/Builder.php(2414): Illuminate\\Database\\Connection->select()
#13 /home/webixun/Downloads/htdocs/Question_Bank_Admin_Panel/vendor/laravel/framework/src/Illuminate/Database/Query/Builder.php(2402): Illuminate\\Database\\Query\\Builder->runSelect()
#14 /home/webixun/Downloads/htdocs/Question_Bank_Admin_Panel/vendor/laravel/framework/src/Illuminate/Database/Query/Builder.php(2936): Illuminate\\Database\\Query\\Builder->Illuminate\\Database\\Query\\{closure}()
#15 /home/webixun/Downloads/htdocs/Question_Bank_Admin_Panel/vendor/laravel/framework/src/Illuminate/Database/Query/Builder.php(2403): Illuminate\\Database\\Query\\Builder->onceWithColumns()
#16 /home/webixun/Downloads/htdocs/Question_Bank_Admin_Panel/vendor/laravel/framework/src/Illuminate/Database/Query/Builder.php(2863): Illuminate\\Database\\Query\\Builder->get()
#17 /home/webixun/Downloads/htdocs/Question_Bank_Admin_Panel/vendor/laravel/framework/src/Illuminate/Database/Query/Builder.php(2791): Illuminate\\Database\\Query\\Builder->aggregate()
#18 /home/webixun/Downloads/htdocs/Question_Bank_Admin_Panel/vendor/laravel/telescope/src/Storage/DatabaseEntriesRepository.php(122): Illuminate\\Database\\Query\\Builder->count()
#19 /home/webixun/Downloads/htdocs/Question_Bank_Admin_Panel/vendor/laravel/telescope/src/Storage/DatabaseEntriesRepository.php(164): Laravel\\Telescope\\Storage\\DatabaseEntriesRepository->countExceptionOccurences()
#20 [internal function]: Laravel\\Telescope\\Storage\\DatabaseEntriesRepository->Laravel\\Telescope\\Storage\\{closure}()
#21 /home/webixun/Downloads/htdocs/Question_Bank_Admin_Panel/vendor/laravel/framework/src/Illuminate/Collections/Collection.php(695): array_map()
#22 /home/webixun/Downloads/htdocs/Question_Bank_Admin_Panel/vendor/laravel/telescope/src/Storage/DatabaseEntriesRepository.php(177): Illuminate\\Support\\Collection->map()
#23 /home/webixun/Downloads/htdocs/Question_Bank_Admin_Panel/vendor/laravel/framework/src/Illuminate/Collections/Traits/EnumeratesValues.php(245): Laravel\\Telescope\\Storage\\DatabaseEntriesRepository->Laravel\\Telescope\\Storage\\{closure}()
#24 /home/webixun/Downloads/htdocs/Question_Bank_Admin_Panel/vendor/laravel/telescope/src/Storage/DatabaseEntriesRepository.php(178): Illuminate\\Support\\Collection->each()
#25 /home/webixun/Downloads/htdocs/Question_Bank_Admin_Panel/vendor/laravel/telescope/src/Storage/DatabaseEntriesRepository.php(139): Laravel\\Telescope\\Storage\\DatabaseEntriesRepository->storeExceptions()
#26 /home/webixun/Downloads/htdocs/Question_Bank_Admin_Panel/vendor/laravel/telescope/src/Telescope.php(663): Laravel\\Telescope\\Storage\\DatabaseEntriesRepository->store()
#27 [internal function]: Laravel\\Telescope\\Telescope::Laravel\\Telescope\\{closure}()
#28 /home/webixun/Downloads/htdocs/Question_Bank_Admin_Panel/vendor/laravel/telescope/src/Telescope.php(284): call_user_func()
#29 /home/webixun/Downloads/htdocs/Question_Bank_Admin_Panel/vendor/laravel/telescope/src/Telescope.php(674): Laravel\\Telescope\\Telescope::withoutRecording()
#30 /home/webixun/Downloads/htdocs/Question_Bank_Admin_Panel/vendor/laravel/telescope/src/ListensForStorageOpportunities.php(65): Laravel\\Telescope\\Telescope::store()
#31 /home/webixun/Downloads/htdocs/Question_Bank_Admin_Panel/vendor/laravel/framework/src/Illuminate/Container/BoundMethod.php(36): Laravel\\Telescope\\Telescope::Laravel\\Telescope\\{closure}()
#32 /home/webixun/Downloads/htdocs/Question_Bank_Admin_Panel/vendor/laravel/framework/src/Illuminate/Container/Util.php(40): Illuminate\\Container\\BoundMethod::Illuminate\\Container\\{closure}()
#33 /home/webixun/Downloads/htdocs/Question_Bank_Admin_Panel/vendor/laravel/framework/src/Illuminate/Container/BoundMethod.php(81): Illuminate\\Container\\Util::unwrapIfClosure()
#34 /home/webixun/Downloads/htdocs/Question_Bank_Admin_Panel/vendor/laravel/framework/src/Illuminate/Container/BoundMethod.php(37): Illuminate\\Container\\BoundMethod::callBoundMethod()
#35 /home/webixun/Downloads/htdocs/Question_Bank_Admin_Panel/vendor/laravel/framework/src/Illuminate/Container/Container.php(653): Illuminate\\Container\\BoundMethod::call()
#36 /home/webixun/Downloads/htdocs/Question_Bank_Admin_Panel/vendor/laravel/framework/src/Illuminate/Foundation/Application.php(1158): Illuminate\\Container\\Container->call()
#37 /home/webixun/Downloads/htdocs/Question_Bank_Admin_Panel/vendor/laravel/framework/src/Illuminate/Foundation/Http/Kernel.php(182): Illuminate\\Foundation\\Application->terminate()
#38 /home/webixun/Downloads/htdocs/Question_Bank_Admin_Panel/public/index.php(55): Illuminate\\Foundation\\Http\\Kernel->terminate()
#39 /home/webixun/Downloads/htdocs/Question_Bank_Admin_Panel/server.php(21): require_once('...')
#40 {main}
"} 
[2022-10-18 06:31:56] local.ERROR: View [Admin.login] not found. {"exception":"[object] (InvalidArgumentException(code: 0): View [Admin.login] not found. at /home/webixun/Downloads/htdocs/Question_Bank_Admin_Panel/vendor/laravel/framework/src/Illuminate/View/FileViewFinder.php:137)
[stacktrace]
#0 /home/webixun/Downloads/htdocs/Question_Bank_Admin_Panel/vendor/laravel/framework/src/Illuminate/View/FileViewFinder.php(79): Illuminate\\View\\FileViewFinder->findInPaths()
#1 /home/webixun/Downloads/htdocs/Question_Bank_Admin_Panel/vendor/laravel/framework/src/Illuminate/View/Factory.php(138): Illuminate\\View\\FileViewFinder->find()
#2 /home/webixun/Downloads/htdocs/Question_Bank_Admin_Panel/vendor/laravel/framework/src/Illuminate/Foundation/helpers.php(932): Illuminate\\View\\Factory->make()
#3 /home/webixun/Downloads/htdocs/Question_Bank_Admin_Panel/app/Http/Controllers/AdminController.php(18): view()
#4 /home/webixun/Downloads/htdocs/Question_Bank_Admin_Panel/vendor/laravel/framework/src/Illuminate/Routing/Controller.php(54): App\\Http\\Controllers\\AdminController->index()
#5 /home/webixun/Downloads/htdocs/Question_Bank_Admin_Panel/vendor/laravel/framework/src/Illuminate/Routing/ControllerDispatcher.php(45): Illuminate\\Routing\\Controller->callAction()
#6 /home/webixun/Downloads/htdocs/Question_Bank_Admin_Panel/vendor/laravel/framework/src/Illuminate/Routing/Route.php(262): Illuminate\\Routing\\ControllerDispatcher->dispatch()
#7 /home/webixun/Downloads/htdocs/Question_Bank_Admin_Panel/vendor/laravel/framework/src/Illuminate/Routing/Route.php(205): Illuminate\\Routing\\Route->runController()
#8 /home/webixun/Downloads/htdocs/Question_Bank_Admin_Panel/vendor/laravel/framework/src/Illuminate/Routing/Router.php(721): Illuminate\\Routing\\Route->run()
#9 /home/webixun/Downloads/htdocs/Question_Bank_Admin_Panel/vendor/laravel/framework/src/Illuminate/Pipeline/Pipeline.php(128): Illuminate\\Routing\\Router->Illuminate\\Routing\\{closure}()
#10 /home/webixun/Downloads/htdocs/Question_Bank_Admin_Panel/vendor/laravel/framework/src/Illuminate/Routing/Middleware/SubstituteBindings.php(50): Illuminate\\Pipeline\\Pipeline->Illuminate\\Pipeline\\{closure}()
#11 /home/webixun/Downloads/htdocs/Question_Bank_Admin_Panel/vendor/laravel/framework/src/Illuminate/Pipeline/Pipeline.php(167): Illuminate\\Routing\\Middleware\\SubstituteBindings->handle()
#12 /home/webixun/Downloads/htdocs/Question_Bank_Admin_Panel/vendor/laravel/framework/src/Illuminate/Foundation/Http/Middleware/VerifyCsrfToken.php(78): Illuminate\\Pipeline\\Pipeline->Illuminate\\Pipeline\\{closure}()
#13 /home/webixun/Downloads/htdocs/Question_Bank_Admin_Panel/vendor/laravel/framework/src/Illuminate/Pipeline/Pipeline.php(167): Illuminate\\Foundation\\Http\\Middleware\\VerifyCsrfToken->handle()
#14 /home/webixun/Downloads/htdocs/Question_Bank_Admin_Panel/vendor/laravel/framework/src/Illuminate/View/Middleware/ShareErrorsFromSession.php(49): Illuminate\\Pipeline\\Pipeline->Illuminate\\Pipeline\\{closure}()
#15 /home/webixun/Downloads/htdocs/Question_Bank_Admin_Panel/vendor/laravel/framework/src/Illuminate/Pipeline/Pipeline.php(167): Illuminate\\View\\Middleware\\ShareErrorsFromSession->handle()
#16 /home/webixun/Downloads/htdocs/Question_Bank_Admin_Panel/vendor/laravel/framework/src/Illuminate/Session/Middleware/StartSession.php(121): Illuminate\\Pipeline\\Pipeline->Illuminate\\Pipeline\\{closure}()
#17 /home/webixun/Downloads/htdocs/Question_Bank_Admin_Panel/vendor/laravel/framework/src/Illuminate/Session/Middleware/StartSession.php(64): Illuminate\\Session\\Middleware\\StartSession->handleStatefulRequest()
#18 /home/webixun/Downloads/htdocs/Question_Bank_Admin_Panel/vendor/laravel/framework/src/Illuminate/Pipeline/Pipeline.php(167): Illuminate\\Session\\Middleware\\StartSession->handle()
#19 /home/webixun/Downloads/htdocs/Question_Bank_Admin_Panel/vendor/laravel/framework/src/Illuminate/Cookie/Middleware/AddQueuedCookiesToResponse.php(37): Illuminate\\Pipeline\\Pipeline->Illuminate\\Pipeline\\{closure}()
#20 /home/webixun/Downloads/htdocs/Question_Bank_Admin_Panel/vendor/laravel/framework/src/Illuminate/Pipeline/Pipeline.php(167): Illuminate\\Cookie\\Middleware\\AddQueuedCookiesToResponse->handle()
#21 /home/webixun/Downloads/htdocs/Question_Bank_Admin_Panel/vendor/laravel/framework/src/Illuminate/Cookie/Middleware/EncryptCookies.php(67): Illuminate\\Pipeline\\Pipeline->Illuminate\\Pipeline\\{closure}()
#22 /home/webixun/Downloads/htdocs/Question_Bank_Admin_Panel/vendor/laravel/framework/src/Illuminate/Pipeline/Pipeline.php(167): Illuminate\\Cookie\\Middleware\\EncryptCookies->handle()
#23 /home/webixun/Downloads/htdocs/Question_Bank_Admin_Panel/vendor/laravel/framework/src/Illuminate/Pipeline/Pipeline.php(103): Illuminate\\Pipeline\\Pipeline->Illuminate\\Pipeline\\{closure}()
#24 /home/webixun/Downloads/htdocs/Question_Bank_Admin_Panel/vendor/laravel/framework/src/Illuminate/Routing/Router.php(723): Illuminate\\Pipeline\\Pipeline->then()
#25 /home/webixun/Downloads/htdocs/Question_Bank_Admin_Panel/vendor/laravel/framework/src/Illuminate/Routing/Router.php(698): Illuminate\\Routing\\Router->runRouteWithinStack()
#26 /home/webixun/Downloads/htdocs/Question_Bank_Admin_Panel/vendor/laravel/framework/src/Illuminate/Routing/Router.php(662): Illuminate\\Routing\\Router->runRoute()
#27 /home/webixun/Downloads/htdocs/Question_Bank_Admin_Panel/vendor/laravel/framework/src/Illuminate/Routing/Router.php(651): Illuminate\\Routing\\Router->dispatchToRoute()
#28 /home/webixun/Downloads/htdocs/Question_Bank_Admin_Panel/vendor/laravel/framework/src/Illuminate/Foundation/Http/Kernel.php(167): Illuminate\\Routing\\Router->dispatch()
#29 /home/webixun/Downloads/htdocs/Question_Bank_Admin_Panel/vendor/laravel/framework/src/Illuminate/Pipeline/Pipeline.php(128): Illuminate\\Foundation\\Http\\Kernel->Illuminate\\Foundation\\Http\\{closure}()
#30 /home/webixun/Downloads/htdocs/Question_Bank_Admin_Panel/vendor/laravel/framework/src/Illuminate/Foundation/Http/Middleware/TransformsRequest.php(21): Illuminate\\Pipeline\\Pipeline->Illuminate\\Pipeline\\{closure}()
#31 /home/webixun/Downloads/htdocs/Question_Bank_Admin_Panel/vendor/laravel/framework/src/Illuminate/Foundation/Http/Middleware/ConvertEmptyStringsToNull.php(31): Illuminate\\Foundation\\Http\\Middleware\\TransformsRequest->handle()
#32 /home/webixun/Downloads/htdocs/Question_Bank_Admin_Panel/vendor/laravel/framework/src/Illuminate/Pipeline/Pipeline.php(167): Illuminate\\Foundation\\Http\\Middleware\\ConvertEmptyStringsToNull->handle()
#33 /home/webixun/Downloads/htdocs/Question_Bank_Admin_Panel/vendor/laravel/framework/src/Illuminate/Foundation/Http/Middleware/TransformsRequest.php(21): Illuminate\\Pipeline\\Pipeline->Illuminate\\Pipeline\\{closure}()
#34 /home/webixun/Downloads/htdocs/Question_Bank_Admin_Panel/vendor/laravel/framework/src/Illuminate/Foundation/Http/Middleware/TrimStrings.php(40): Illuminate\\Foundation\\Http\\Middleware\\TransformsRequest->handle()
#35 /home/webixun/Downloads/htdocs/Question_Bank_Admin_Panel/vendor/laravel/framework/src/Illuminate/Pipeline/Pipeline.php(167): Illuminate\\Foundation\\Http\\Middleware\\TrimStrings->handle()
#36 /home/webixun/Downloads/htdocs/Question_Bank_Admin_Panel/vendor/laravel/framework/src/Illuminate/Foundation/Http/Middleware/ValidatePostSize.php(27): Illuminate\\Pipeline\\Pipeline->Illuminate\\Pipeline\\{closure}()
#37 /home/webixun/Downloads/htdocs/Question_Bank_Admin_Panel/vendor/laravel/framework/src/Illuminate/Pipeline/Pipeline.php(167): Illuminate\\Foundation\\Http\\Middleware\\ValidatePostSize->handle()
#38 /home/webixun/Downloads/htdocs/Question_Bank_Admin_Panel/vendor/laravel/framework/src/Illuminate/Foundation/Http/Middleware/PreventRequestsDuringMaintenance.php(86): Illuminate\\Pipeline\\Pipeline->Illuminate\\Pipeline\\{closure}()
#39 /home/webixun/Downloads/htdocs/Question_Bank_Admin_Panel/vendor/laravel/framework/src/Illuminate/Pipeline/Pipeline.php(167): Illuminate\\Foundation\\Http\\Middleware\\PreventRequestsDuringMaintenance->handle()
#40 /home/webixun/Downloads/htdocs/Question_Bank_Admin_Panel/vendor/fruitcake/laravel-cors/src/HandleCors.php(38): Illuminate\\Pipeline\\Pipeline->Illuminate\\Pipeline\\{closure}()
#41 /home/webixun/Downloads/htdocs/Question_Bank_Admin_Panel/vendor/laravel/framework/src/Illuminate/Pipeline/Pipeline.php(167): Fruitcake\\Cors\\HandleCors->handle()
#42 /home/webixun/Downloads/htdocs/Question_Bank_Admin_Panel/vendor/laravel/framework/src/Illuminate/Http/Middleware/TrustProxies.php(39): Illuminate\\Pipeline\\Pipeline->Illuminate\\Pipeline\\{closure}()
#43 /home/webixun/Downloads/htdocs/Question_Bank_Admin_Panel/vendor/laravel/framework/src/Illuminate/Pipeline/Pipeline.php(167): Illuminate\\Http\\Middleware\\TrustProxies->handle()
#44 /home/webixun/Downloads/htdocs/Question_Bank_Admin_Panel/vendor/laravel/framework/src/Illuminate/Pipeline/Pipeline.php(103): Illuminate\\Pipeline\\Pipeline->Illuminate\\Pipeline\\{closure}()
#45 /home/webixun/Downloads/htdocs/Question_Bank_Admin_Panel/vendor/laravel/framework/src/Illuminate/Foundation/Http/Kernel.php(142): Illuminate\\Pipeline\\Pipeline->then()
#46 /home/webixun/Downloads/htdocs/Question_Bank_Admin_Panel/vendor/laravel/framework/src/Illuminate/Foundation/Http/Kernel.php(111): Illuminate\\Foundation\\Http\\Kernel->sendRequestThroughRouter()
#47 /home/webixun/Downloads/htdocs/Question_Bank_Admin_Panel/public/index.php(52): Illuminate\\Foundation\\Http\\Kernel->handle()
#48 /home/webixun/Downloads/htdocs/Question_Bank_Admin_Panel/server.php(21): require_once('...')
#49 {main}
"} 
[2022-10-18 06:31:56] local.ERROR: file_put_contents(C:\xampp\htdocs\Question_Bank_Admin_Panel\storage\framework/sessions/l6WdfOVHFMzwh1x2UwbmFWOIO8OEF5l2Fi1xiuIh): Failed to open stream: No such file or directory {"exception":"[object] (ErrorException(code: 0): file_put_contents(C:\\xampp\\htdocs\\Question_Bank_Admin_Panel\\storage\\framework/sessions/l6WdfOVHFMzwh1x2UwbmFWOIO8OEF5l2Fi1xiuIh): Failed to open stream: No such file or directory at /home/webixun/Downloads/htdocs/Question_Bank_Admin_Panel/vendor/laravel/framework/src/Illuminate/Filesystem/Filesystem.php:187)
[stacktrace]
#0 [internal function]: Illuminate\\Foundation\\Bootstrap\\HandleExceptions->handleError()
#1 /home/webixun/Downloads/htdocs/Question_Bank_Admin_Panel/vendor/laravel/framework/src/Illuminate/Filesystem/Filesystem.php(187): file_put_contents()
#2 /home/webixun/Downloads/htdocs/Question_Bank_Admin_Panel/vendor/laravel/framework/src/Illuminate/Session/FileSessionHandler.php(95): Illuminate\\Filesystem\\Filesystem->put()
#3 /home/webixun/Downloads/htdocs/Question_Bank_Admin_Panel/vendor/laravel/framework/src/Illuminate/Session/Store.php(129): Illuminate\\Session\\FileSessionHandler->write()
#4 /home/webixun/Downloads/htdocs/Question_Bank_Admin_Panel/vendor/laravel/framework/src/Illuminate/Session/Middleware/StartSession.php(236): Illuminate\\Session\\Store->save()
#5 /home/webixun/Downloads/htdocs/Question_Bank_Admin_Panel/vendor/laravel/framework/src/Illuminate/Session/Middleware/StartSession.php(130): Illuminate\\Session\\Middleware\\StartSession->saveSession()
#6 /home/webixun/Downloads/htdocs/Question_Bank_Admin_Panel/vendor/laravel/framework/src/Illuminate/Session/Middleware/StartSession.php(64): Illuminate\\Session\\Middleware\\StartSession->handleStatefulRequest()
#7 /home/webixun/Downloads/htdocs/Question_Bank_Admin_Panel/vendor/laravel/framework/src/Illuminate/Pipeline/Pipeline.php(167): Illuminate\\Session\\Middleware\\StartSession->handle()
#8 /home/webixun/Downloads/htdocs/Question_Bank_Admin_Panel/vendor/laravel/framework/src/Illuminate/Cookie/Middleware/AddQueuedCookiesToResponse.php(37): Illuminate\\Pipeline\\Pipeline->Illuminate\\Pipeline\\{closure}()
#9 /home/webixun/Downloads/htdocs/Question_Bank_Admin_Panel/vendor/laravel/framework/src/Illuminate/Pipeline/Pipeline.php(167): Illuminate\\Cookie\\Middleware\\AddQueuedCookiesToResponse->handle()
#10 /home/webixun/Downloads/htdocs/Question_Bank_Admin_Panel/vendor/laravel/framework/src/Illuminate/Cookie/Middleware/EncryptCookies.php(67): Illuminate\\Pipeline\\Pipeline->Illuminate\\Pipeline\\{closure}()
#11 /home/webixun/Downloads/htdocs/Question_Bank_Admin_Panel/vendor/laravel/framework/src/Illuminate/Pipeline/Pipeline.php(167): Illuminate\\Cookie\\Middleware\\EncryptCookies->handle()
#12 /home/webixun/Downloads/htdocs/Question_Bank_Admin_Panel/vendor/laravel/framework/src/Illuminate/Pipeline/Pipeline.php(103): Illuminate\\Pipeline\\Pipeline->Illuminate\\Pipeline\\{closure}()
#13 /home/webixun/Downloads/htdocs/Question_Bank_Admin_Panel/vendor/laravel/framework/src/Illuminate/Routing/Router.php(723): Illuminate\\Pipeline\\Pipeline->then()
#14 /home/webixun/Downloads/htdocs/Question_Bank_Admin_Panel/vendor/laravel/framework/src/Illuminate/Routing/Router.php(698): Illuminate\\Routing\\Router->runRouteWithinStack()
#15 /home/webixun/Downloads/htdocs/Question_Bank_Admin_Panel/vendor/laravel/framework/src/Illuminate/Routing/Router.php(662): Illuminate\\Routing\\Router->runRoute()
#16 /home/webixun/Downloads/htdocs/Question_Bank_Admin_Panel/vendor/laravel/framework/src/Illuminate/Routing/Router.php(651): Illuminate\\Routing\\Router->dispatchToRoute()
#17 /home/webixun/Downloads/htdocs/Question_Bank_Admin_Panel/vendor/laravel/framework/src/Illuminate/Foundation/Http/Kernel.php(167): Illuminate\\Routing\\Router->dispatch()
#18 /home/webixun/Downloads/htdocs/Question_Bank_Admin_Panel/vendor/laravel/framework/src/Illuminate/Pipeline/Pipeline.php(128): Illuminate\\Foundation\\Http\\Kernel->Illuminate\\Foundation\\Http\\{closure}()
#19 /home/webixun/Downloads/htdocs/Question_Bank_Admin_Panel/vendor/laravel/framework/src/Illuminate/Foundation/Http/Middleware/TransformsRequest.php(21): Illuminate\\Pipeline\\Pipeline->Illuminate\\Pipeline\\{closure}()
#20 /home/webixun/Downloads/htdocs/Question_Bank_Admin_Panel/vendor/laravel/framework/src/Illuminate/Foundation/Http/Middleware/ConvertEmptyStringsToNull.php(31): Illuminate\\Foundation\\Http\\Middleware\\TransformsRequest->handle()
#21 /home/webixun/Downloads/htdocs/Question_Bank_Admin_Panel/vendor/laravel/framework/src/Illuminate/Pipeline/Pipeline.php(167): Illuminate\\Foundation\\Http\\Middleware\\ConvertEmptyStringsToNull->handle()
#22 /home/webixun/Downloads/htdocs/Question_Bank_Admin_Panel/vendor/laravel/framework/src/Illuminate/Foundation/Http/Middleware/TransformsRequest.php(21): Illuminate\\Pipeline\\Pipeline->Illuminate\\Pipeline\\{closure}()
#23 /home/webixun/Downloads/htdocs/Question_Bank_Admin_Panel/vendor/laravel/framework/src/Illuminate/Foundation/Http/Middleware/TrimStrings.php(40): Illuminate\\Foundation\\Http\\Middleware\\TransformsRequest->handle()
#24 /home/webixun/Downloads/htdocs/Question_Bank_Admin_Panel/vendor/laravel/framework/src/Illuminate/Pipeline/Pipeline.php(167): Illuminate\\Foundation\\Http\\Middleware\\TrimStrings->handle()
#25 /home/webixun/Downloads/htdocs/Question_Bank_Admin_Panel/vendor/laravel/framework/src/Illuminate/Foundation/Http/Middleware/ValidatePostSize.php(27): Illuminate\\Pipeline\\Pipeline->Illuminate\\Pipeline\\{closure}()
#26 /home/webixun/Downloads/htdocs/Question_Bank_Admin_Panel/vendor/laravel/framework/src/Illuminate/Pipeline/Pipeline.php(167): Illuminate\\Foundation\\Http\\Middleware\\ValidatePostSize->handle()
#27 /home/webixun/Downloads/htdocs/Question_Bank_Admin_Panel/vendor/laravel/framework/src/Illuminate/Foundation/Http/Middleware/PreventRequestsDuringMaintenance.php(86): Illuminate\\Pipeline\\Pipeline->Illuminate\\Pipeline\\{closure}()
#28 /home/webixun/Downloads/htdocs/Question_Bank_Admin_Panel/vendor/laravel/framework/src/Illuminate/Pipeline/Pipeline.php(167): Illuminate\\Foundation\\Http\\Middleware\\PreventRequestsDuringMaintenance->handle()
#29 /home/webixun/Downloads/htdocs/Question_Bank_Admin_Panel/vendor/fruitcake/laravel-cors/src/HandleCors.php(38): Illuminate\\Pipeline\\Pipeline->Illuminate\\Pipeline\\{closure}()
#30 /home/webixun/Downloads/htdocs/Question_Bank_Admin_Panel/vendor/laravel/framework/src/Illuminate/Pipeline/Pipeline.php(167): Fruitcake\\Cors\\HandleCors->handle()
#31 /home/webixun/Downloads/htdocs/Question_Bank_Admin_Panel/vendor/laravel/framework/src/Illuminate/Http/Middleware/TrustProxies.php(39): Illuminate\\Pipeline\\Pipeline->Illuminate\\Pipeline\\{closure}()
#32 /home/webixun/Downloads/htdocs/Question_Bank_Admin_Panel/vendor/laravel/framework/src/Illuminate/Pipeline/Pipeline.php(167): Illuminate\\Http\\Middleware\\TrustProxies->handle()
#33 /home/webixun/Downloads/htdocs/Question_Bank_Admin_Panel/vendor/laravel/framework/src/Illuminate/Pipeline/Pipeline.php(103): Illuminate\\Pipeline\\Pipeline->Illuminate\\Pipeline\\{closure}()
#34 /home/webixun/Downloads/htdocs/Question_Bank_Admin_Panel/vendor/laravel/framework/src/Illuminate/Foundation/Http/Kernel.php(142): Illuminate\\Pipeline\\Pipeline->then()
#35 /home/webixun/Downloads/htdocs/Question_Bank_Admin_Panel/vendor/laravel/framework/src/Illuminate/Foundation/Http/Kernel.php(111): Illuminate\\Foundation\\Http\\Kernel->sendRequestThroughRouter()
#36 /home/webixun/Downloads/htdocs/Question_Bank_Admin_Panel/public/index.php(52): Illuminate\\Foundation\\Http\\Kernel->handle()
#37 /home/webixun/Downloads/htdocs/Question_Bank_Admin_Panel/server.php(21): require_once('...')
#38 {main}
"} 
[2022-10-18 06:31:56] local.ERROR: could not find driver (SQL: select count(*) as aggregate from `telescope_entries` where `type` = exception and `family_hash` = 84f875e6f1c05398b61ee755904882a6) {"exception":"[object] (Illuminate\\Database\\QueryException(code: 0): could not find driver (SQL: select count(*) as aggregate from `telescope_entries` where `type` = exception and `family_hash` = 84f875e6f1c05398b61ee755904882a6) at /home/webixun/Downloads/htdocs/Question_Bank_Admin_Panel/vendor/laravel/framework/src/Illuminate/Database/Connection.php:712)
[stacktrace]
#0 /home/webixun/Downloads/htdocs/Question_Bank_Admin_Panel/vendor/laravel/framework/src/Illuminate/Database/Connection.php(672): Illuminate\\Database\\Connection->runQueryCallback()
#1 /home/webixun/Downloads/htdocs/Question_Bank_Admin_Panel/vendor/laravel/framework/src/Illuminate/Database/Connection.php(376): Illuminate\\Database\\Connection->run()
#2 /home/webixun/Downloads/htdocs/Question_Bank_Admin_Panel/vendor/laravel/framework/src/Illuminate/Database/Query/Builder.php(2414): Illuminate\\Database\\Connection->select()
#3 /home/webixun/Downloads/htdocs/Question_Bank_Admin_Panel/vendor/laravel/framework/src/Illuminate/Database/Query/Builder.php(2402): Illuminate\\Database\\Query\\Builder->runSelect()
#4 /home/webixun/Downloads/htdocs/Question_Bank_Admin_Panel/vendor/laravel/framework/src/Illuminate/Database/Query/Builder.php(2936): Illuminate\\Database\\Query\\Builder->Illuminate\\Database\\Query\\{closure}()
#5 /home/webixun/Downloads/htdocs/Question_Bank_Admin_Panel/vendor/laravel/framework/src/Illuminate/Database/Query/Builder.php(2403): Illuminate\\Database\\Query\\Builder->onceWithColumns()
#6 /home/webixun/Downloads/htdocs/Question_Bank_Admin_Panel/vendor/laravel/framework/src/Illuminate/Database/Query/Builder.php(2863): Illuminate\\Database\\Query\\Builder->get()
#7 /home/webixun/Downloads/htdocs/Question_Bank_Admin_Panel/vendor/laravel/framework/src/Illuminate/Database/Query/Builder.php(2791): Illuminate\\Database\\Query\\Builder->aggregate()
#8 /home/webixun/Downloads/htdocs/Question_Bank_Admin_Panel/vendor/laravel/telescope/src/Storage/DatabaseEntriesRepository.php(122): Illuminate\\Database\\Query\\Builder->count()
#9 /home/webixun/Downloads/htdocs/Question_Bank_Admin_Panel/vendor/laravel/telescope/src/Storage/DatabaseEntriesRepository.php(164): Laravel\\Telescope\\Storage\\DatabaseEntriesRepository->countExceptionOccurences()
#10 [internal function]: Laravel\\Telescope\\Storage\\DatabaseEntriesRepository->Laravel\\Telescope\\Storage\\{closure}()
#11 /home/webixun/Downloads/htdocs/Question_Bank_Admin_Panel/vendor/laravel/framework/src/Illuminate/Collections/Collection.php(695): array_map()
#12 /home/webixun/Downloads/htdocs/Question_Bank_Admin_Panel/vendor/laravel/telescope/src/Storage/DatabaseEntriesRepository.php(177): Illuminate\\Support\\Collection->map()
#13 /home/webixun/Downloads/htdocs/Question_Bank_Admin_Panel/vendor/laravel/framework/src/Illuminate/Collections/Traits/EnumeratesValues.php(245): Laravel\\Telescope\\Storage\\DatabaseEntriesRepository->Laravel\\Telescope\\Storage\\{closure}()
#14 /home/webixun/Downloads/htdocs/Question_Bank_Admin_Panel/vendor/laravel/telescope/src/Storage/DatabaseEntriesRepository.php(178): Illuminate\\Support\\Collection->each()
#15 /home/webixun/Downloads/htdocs/Question_Bank_Admin_Panel/vendor/laravel/telescope/src/Storage/DatabaseEntriesRepository.php(139): Laravel\\Telescope\\Storage\\DatabaseEntriesRepository->storeExceptions()
#16 /home/webixun/Downloads/htdocs/Question_Bank_Admin_Panel/vendor/laravel/telescope/src/Telescope.php(663): Laravel\\Telescope\\Storage\\DatabaseEntriesRepository->store()
#17 [internal function]: Laravel\\Telescope\\Telescope::Laravel\\Telescope\\{closure}()
#18 /home/webixun/Downloads/htdocs/Question_Bank_Admin_Panel/vendor/laravel/telescope/src/Telescope.php(284): call_user_func()
#19 /home/webixun/Downloads/htdocs/Question_Bank_Admin_Panel/vendor/laravel/telescope/src/Telescope.php(674): Laravel\\Telescope\\Telescope::withoutRecording()
#20 /home/webixun/Downloads/htdocs/Question_Bank_Admin_Panel/vendor/laravel/telescope/src/ListensForStorageOpportunities.php(65): Laravel\\Telescope\\Telescope::store()
#21 /home/webixun/Downloads/htdocs/Question_Bank_Admin_Panel/vendor/laravel/framework/src/Illuminate/Container/BoundMethod.php(36): Laravel\\Telescope\\Telescope::Laravel\\Telescope\\{closure}()
#22 /home/webixun/Downloads/htdocs/Question_Bank_Admin_Panel/vendor/laravel/framework/src/Illuminate/Container/Util.php(40): Illuminate\\Container\\BoundMethod::Illuminate\\Container\\{closure}()
#23 /home/webixun/Downloads/htdocs/Question_Bank_Admin_Panel/vendor/laravel/framework/src/Illuminate/Container/BoundMethod.php(81): Illuminate\\Container\\Util::unwrapIfClosure()
#24 /home/webixun/Downloads/htdocs/Question_Bank_Admin_Panel/vendor/laravel/framework/src/Illuminate/Container/BoundMethod.php(37): Illuminate\\Container\\BoundMethod::callBoundMethod()
#25 /home/webixun/Downloads/htdocs/Question_Bank_Admin_Panel/vendor/laravel/framework/src/Illuminate/Container/Container.php(653): Illuminate\\Container\\BoundMethod::call()
#26 /home/webixun/Downloads/htdocs/Question_Bank_Admin_Panel/vendor/laravel/framework/src/Illuminate/Foundation/Application.php(1158): Illuminate\\Container\\Container->call()
#27 /home/webixun/Downloads/htdocs/Question_Bank_Admin_Panel/vendor/laravel/framework/src/Illuminate/Foundation/Http/Kernel.php(182): Illuminate\\Foundation\\Application->terminate()
#28 /home/webixun/Downloads/htdocs/Question_Bank_Admin_Panel/public/index.php(55): Illuminate\\Foundation\\Http\\Kernel->terminate()
#29 /home/webixun/Downloads/htdocs/Question_Bank_Admin_Panel/server.php(21): require_once('...')
#30 {main}

[previous exception] [object] (PDOException(code: 0): could not find driver at /home/webixun/Downloads/htdocs/Question_Bank_Admin_Panel/vendor/laravel/framework/src/Illuminate/Database/Connectors/Connector.php:70)
[stacktrace]
#0 /home/webixun/Downloads/htdocs/Question_Bank_Admin_Panel/vendor/laravel/framework/src/Illuminate/Database/Connectors/Connector.php(70): PDO->__construct()
#1 /home/webixun/Downloads/htdocs/Question_Bank_Admin_Panel/vendor/laravel/framework/src/Illuminate/Database/Connectors/Connector.php(46): Illuminate\\Database\\Connectors\\Connector->createPdoConnection()
#2 /home/webixun/Downloads/htdocs/Question_Bank_Admin_Panel/vendor/laravel/framework/src/Illuminate/Database/Connectors/MySqlConnector.php(24): Illuminate\\Database\\Connectors\\Connector->createConnection()
#3 /home/webixun/Downloads/htdocs/Question_Bank_Admin_Panel/vendor/laravel/framework/src/Illuminate/Database/Connectors/ConnectionFactory.php(184): Illuminate\\Database\\Connectors\\MySqlConnector->connect()
#4 [internal function]: Illuminate\\Database\\Connectors\\ConnectionFactory->Illuminate\\Database\\Connectors\\{closure}()
#5 /home/webixun/Downloads/htdocs/Question_Bank_Admin_Panel/vendor/laravel/framework/src/Illuminate/Database/Connection.php(1064): call_user_func()
#6 /home/webixun/Downloads/htdocs/Question_Bank_Admin_Panel/vendor/laravel/framework/src/Illuminate/Database/Connection.php(1100): Illuminate\\Database\\Connection->getPdo()
#7 /home/webixun/Downloads/htdocs/Question_Bank_Admin_Panel/vendor/laravel/framework/src/Illuminate/Database/Connection.php(442): Illuminate\\Database\\Connection->getReadPdo()
#8 /home/webixun/Downloads/htdocs/Question_Bank_Admin_Panel/vendor/laravel/framework/src/Illuminate/Database/Connection.php(368): Illuminate\\Database\\Connection->getPdoForSelect()
#9 /home/webixun/Downloads/htdocs/Question_Bank_Admin_Panel/vendor/laravel/framework/src/Illuminate/Database/Connection.php(705): Illuminate\\Database\\Connection->Illuminate\\Database\\{closure}()
#10 /home/webixun/Downloads/htdocs/Question_Bank_Admin_Panel/vendor/laravel/framework/src/Illuminate/Database/Connection.php(672): Illuminate\\Database\\Connection->runQueryCallback()
#11 /home/webixun/Downloads/htdocs/Question_Bank_Admin_Panel/vendor/laravel/framework/src/Illuminate/Database/Connection.php(376): Illuminate\\Database\\Connection->run()
#12 /home/webixun/Downloads/htdocs/Question_Bank_Admin_Panel/vendor/laravel/framework/src/Illuminate/Database/Query/Builder.php(2414): Illuminate\\Database\\Connection->select()
#13 /home/webixun/Downloads/htdocs/Question_Bank_Admin_Panel/vendor/laravel/framework/src/Illuminate/Database/Query/Builder.php(2402): Illuminate\\Database\\Query\\Builder->runSelect()
#14 /home/webixun/Downloads/htdocs/Question_Bank_Admin_Panel/vendor/laravel/framework/src/Illuminate/Database/Query/Builder.php(2936): Illuminate\\Database\\Query\\Builder->Illuminate\\Database\\Query\\{closure}()
#15 /home/webixun/Downloads/htdocs/Question_Bank_Admin_Panel/vendor/laravel/framework/src/Illuminate/Database/Query/Builder.php(2403): Illuminate\\Database\\Query\\Builder->onceWithColumns()
#16 /home/webixun/Downloads/htdocs/Question_Bank_Admin_Panel/vendor/laravel/framework/src/Illuminate/Database/Query/Builder.php(2863): Illuminate\\Database\\Query\\Builder->get()
#17 /home/webixun/Downloads/htdocs/Question_Bank_Admin_Panel/vendor/laravel/framework/src/Illuminate/Database/Query/Builder.php(2791): Illuminate\\Database\\Query\\Builder->aggregate()
#18 /home/webixun/Downloads/htdocs/Question_Bank_Admin_Panel/vendor/laravel/telescope/src/Storage/DatabaseEntriesRepository.php(122): Illuminate\\Database\\Query\\Builder->count()
#19 /home/webixun/Downloads/htdocs/Question_Bank_Admin_Panel/vendor/laravel/telescope/src/Storage/DatabaseEntriesRepository.php(164): Laravel\\Telescope\\Storage\\DatabaseEntriesRepository->countExceptionOccurences()
#20 [internal function]: Laravel\\Telescope\\Storage\\DatabaseEntriesRepository->Laravel\\Telescope\\Storage\\{closure}()
#21 /home/webixun/Downloads/htdocs/Question_Bank_Admin_Panel/vendor/laravel/framework/src/Illuminate/Collections/Collection.php(695): array_map()
#22 /home/webixun/Downloads/htdocs/Question_Bank_Admin_Panel/vendor/laravel/telescope/src/Storage/DatabaseEntriesRepository.php(177): Illuminate\\Support\\Collection->map()
#23 /home/webixun/Downloads/htdocs/Question_Bank_Admin_Panel/vendor/laravel/framework/src/Illuminate/Collections/Traits/EnumeratesValues.php(245): Laravel\\Telescope\\Storage\\DatabaseEntriesRepository->Laravel\\Telescope\\Storage\\{closure}()
#24 /home/webixun/Downloads/htdocs/Question_Bank_Admin_Panel/vendor/laravel/telescope/src/Storage/DatabaseEntriesRepository.php(178): Illuminate\\Support\\Collection->each()
#25 /home/webixun/Downloads/htdocs/Question_Bank_Admin_Panel/vendor/laravel/telescope/src/Storage/DatabaseEntriesRepository.php(139): Laravel\\Telescope\\Storage\\DatabaseEntriesRepository->storeExceptions()
#26 /home/webixun/Downloads/htdocs/Question_Bank_Admin_Panel/vendor/laravel/telescope/src/Telescope.php(663): Laravel\\Telescope\\Storage\\DatabaseEntriesRepository->store()
#27 [internal function]: Laravel\\Telescope\\Telescope::Laravel\\Telescope\\{closure}()
#28 /home/webixun/Downloads/htdocs/Question_Bank_Admin_Panel/vendor/laravel/telescope/src/Telescope.php(284): call_user_func()
#29 /home/webixun/Downloads/htdocs/Question_Bank_Admin_Panel/vendor/laravel/telescope/src/Telescope.php(674): Laravel\\Telescope\\Telescope::withoutRecording()
#30 /home/webixun/Downloads/htdocs/Question_Bank_Admin_Panel/vendor/laravel/telescope/src/ListensForStorageOpportunities.php(65): Laravel\\Telescope\\Telescope::store()
#31 /home/webixun/Downloads/htdocs/Question_Bank_Admin_Panel/vendor/laravel/framework/src/Illuminate/Container/BoundMethod.php(36): Laravel\\Telescope\\Telescope::Laravel\\Telescope\\{closure}()
#32 /home/webixun/Downloads/htdocs/Question_Bank_Admin_Panel/vendor/laravel/framework/src/Illuminate/Container/Util.php(40): Illuminate\\Container\\BoundMethod::Illuminate\\Container\\{closure}()
#33 /home/webixun/Downloads/htdocs/Question_Bank_Admin_Panel/vendor/laravel/framework/src/Illuminate/Container/BoundMethod.php(81): Illuminate\\Container\\Util::unwrapIfClosure()
#34 /home/webixun/Downloads/htdocs/Question_Bank_Admin_Panel/vendor/laravel/framework/src/Illuminate/Container/BoundMethod.php(37): Illuminate\\Container\\BoundMethod::callBoundMethod()
#35 /home/webixun/Downloads/htdocs/Question_Bank_Admin_Panel/vendor/laravel/framework/src/Illuminate/Container/Container.php(653): Illuminate\\Container\\BoundMethod::call()
#36 /home/webixun/Downloads/htdocs/Question_Bank_Admin_Panel/vendor/laravel/framework/src/Illuminate/Foundation/Application.php(1158): Illuminate\\Container\\Container->call()
#37 /home/webixun/Downloads/htdocs/Question_Bank_Admin_Panel/vendor/laravel/framework/src/Illuminate/Foundation/Http/Kernel.php(182): Illuminate\\Foundation\\Application->terminate()
#38 /home/webixun/Downloads/htdocs/Question_Bank_Admin_Panel/public/index.php(55): Illuminate\\Foundation\\Http\\Kernel->terminate()
#39 /home/webixun/Downloads/htdocs/Question_Bank_Admin_Panel/server.php(21): require_once('...')
#40 {main}
"} 
